2025-05-10 08:42:50,748:INFO:🚀 Début de l'ingestion des données
2025-05-10 08:42:50,753:ERROR:Erreur chargement automates.csv: Error tokenizing data. C error: Expected 2 fields in line 398, saw 3

2025-05-10 08:42:50,753:INFO:✅ Ingestion terminée avec succès
2025-05-10 08:58:39,148:INFO:🚀 Début de l'ingestion des données
2025-05-10 08:58:39,152:ERROR:Erreur chargement automates.csv: Error tokenizing data. C error: Expected 2 fields in line 398, saw 3

2025-05-10 08:58:39,153:INFO:✅ Ingestion terminée avec succès
2025-05-10 09:02:36,446:INFO:🚀 Début de l'ingestion des données
2025-05-10 09:02:36,452:ERROR:Erreur chargement automates.csv: Error tokenizing data. C error: Expected 2 fields in line 398, saw 3

2025-05-10 09:02:36,453:INFO:✅ Ingestion terminée avec succès
2025-05-10 09:03:05,184:INFO:🚀 Début de l'ingestion des données
2025-05-10 09:03:05,190:ERROR:Erreur chargement automates.csv: Error tokenizing data. C error: Expected 2 fields in line 398, saw 3

2025-05-10 09:03:05,191:INFO:✅ Ingestion terminée avec succès
2025-05-10 09:04:13,195:INFO:🚀 Début de l'ingestion des données
2025-05-10 09:04:13,227:INFO:Fichier chargé: automates.csv (6107 lignes, 13 colonnes)
2025-05-10 09:04:13,247:INFO:✅ Ingestion terminée avec succès
2025-05-10 09:08:45,734:INFO:🚀 Début de l'ingestion des données
2025-05-10 09:08:45,772:INFO:Fichier chargé: automates.csv (6107 lignes, 13 colonnes)
2025-05-10 09:08:45,782:INFO:✅ Ingestion terminée avec succès
2025-05-10 09:19:10,944:INFO:🚀 Début de l'ingestion des données
2025-05-10 09:19:10,967:INFO:Fichier chargé: automates.csv (6107 lignes, 13 colonnes)
2025-05-10 09:19:10,967:ERROR:Colonnes manquantes: ['Réseau']
2025-05-10 09:19:10,967:ERROR:❌ Erreur lors de l'ingestion: Colonnes manquantes: ['Réseau']
Traceback (most recent call last):
  File "/app/src/command/run_ingestion.py", line 24, in main
    ingest_automates()
  File "/app/src/command/../automate/ingestion/automates_ingest.py", line 21, in ingest_automates
    raise ValueError(f"Colonnes manquantes: {missing_cols}")
ValueError: Colonnes manquantes: ['Réseau']
2025-05-10 09:20:37,337:INFO:🚀 Début de l'ingestion des données
2025-05-10 09:20:37,360:INFO:Fichier chargé: automates.csv (6107 lignes, 13 colonnes)
2025-05-10 09:20:37,361:ERROR:Colonnes manquantes: ['Réseau']
2025-05-10 09:20:37,361:ERROR:❌ Erreur lors de l'ingestion: Colonnes manquantes: ['Réseau']
Traceback (most recent call last):
  File "/app/src/command/run_ingestion.py", line 24, in main
    ingest_automates()
  File "/app/src/command/../automate/ingestion/automates_ingest.py", line 21, in ingest_automates
    raise ValueError(f"Colonnes manquantes: {missing_cols}")
ValueError: Colonnes manquantes: ['Réseau']
2025-05-10 09:23:27,208:INFO:🚀 Début de l'ingestion des données
2025-05-10 09:23:27,231:INFO:Fichier chargé: automates.csv (6107 lignes, 13 colonnes)
2025-05-10 09:23:27,232:INFO:✅ Ingestion terminée avec succès
2025-05-10 09:25:38,377:INFO:🚀 Début de l'ingestion des données
2025-05-10 09:25:38,407:INFO:Fichier chargé: automates.csv (6107 lignes, 13 colonnes)
2025-05-10 09:25:38,447:WARNING:Coordonnées invalides : nan ('float' object has no attribute 'split')
2025-05-10 09:25:38,447:WARNING:Coordonnées invalides : nan ('float' object has no attribute 'split')
2025-05-10 09:25:38,447:WARNING:Coordonnées invalides : nan ('float' object has no attribute 'split')
2025-05-10 09:25:38,447:WARNING:Coordonnées invalides : nan ('float' object has no attribute 'split')
2025-05-10 09:25:38,448:WARNING:Coordonnées invalides : nan ('float' object has no attribute 'split')
2025-05-10 09:25:38,450:WARNING:Coordonnées invalides : nan ('float' object has no attribute 'split')
2025-05-10 09:25:38,455:WARNING:Coordonnées invalides : nan ('float' object has no attribute 'split')
2025-05-10 09:25:38,455:WARNING:Coordonnées invalides : nan ('float' object has no attribute 'split')
2025-05-10 09:25:38,456:WARNING:Coordonnées invalides : nan ('float' object has no attribute 'split')
2025-05-10 09:25:38,457:WARNING:Coordonnées invalides : nan ('float' object has no attribute 'split')
2025-05-10 09:25:38,457:WARNING:Coordonnées invalides : nan ('float' object has no attribute 'split')
2025-05-10 09:25:38,457:WARNING:Coordonnées invalides : nan ('float' object has no attribute 'split')
2025-05-10 09:25:38,457:WARNING:Coordonnées invalides : nan ('float' object has no attribute 'split')
2025-05-10 09:25:38,458:WARNING:Coordonnées invalides : nan ('float' object has no attribute 'split')
2025-05-10 09:25:38,458:WARNING:Coordonnées invalides : nan ('float' object has no attribute 'split')
2025-05-10 09:25:38,458:WARNING:Coordonnées invalides : nan ('float' object has no attribute 'split')
2025-05-10 09:25:38,459:WARNING:Coordonnées invalides : nan ('float' object has no attribute 'split')
2025-05-10 09:25:38,459:WARNING:Coordonnées invalides : nan ('float' object has no attribute 'split')
2025-05-10 09:25:38,459:WARNING:Coordonnées invalides : nan ('float' object has no attribute 'split')
2025-05-10 09:25:38,460:WARNING:Coordonnées invalides : nan ('float' object has no attribute 'split')
2025-05-10 09:25:38,461:WARNING:Coordonnées invalides : nan ('float' object has no attribute 'split')
2025-05-10 09:25:38,461:WARNING:Coordonnées invalides : nan ('float' object has no attribute 'split')
2025-05-10 09:25:38,461:WARNING:Coordonnées invalides : nan ('float' object has no attribute 'split')
2025-05-10 09:25:38,462:WARNING:Coordonnées invalides : nan ('float' object has no attribute 'split')
2025-05-10 09:25:38,463:WARNING:Coordonnées invalides : nan ('float' object has no attribute 'split')
2025-05-10 09:25:38,464:WARNING:Coordonnées invalides : nan ('float' object has no attribute 'split')
2025-05-10 09:25:38,464:WARNING:Coordonnées invalides : nan ('float' object has no attribute 'split')
2025-05-10 09:25:38,465:WARNING:Coordonnées invalides : nan ('float' object has no attribute 'split')
2025-05-10 09:25:38,465:WARNING:Coordonnées invalides : nan ('float' object has no attribute 'split')
2025-05-10 09:25:38,465:WARNING:Coordonnées invalides : nan ('float' object has no attribute 'split')
2025-05-10 09:25:38,465:WARNING:Coordonnées invalides : nan ('float' object has no attribute 'split')
2025-05-10 09:25:38,468:WARNING:Coordonnées invalides : nan ('float' object has no attribute 'split')
2025-05-10 09:25:38,468:WARNING:Coordonnées invalides : nan ('float' object has no attribute 'split')
2025-05-10 09:25:38,468:WARNING:Coordonnées invalides : nan ('float' object has no attribute 'split')
2025-05-10 09:25:38,468:WARNING:Coordonnées invalides : nan ('float' object has no attribute 'split')
2025-05-10 09:25:38,470:WARNING:Coordonnées invalides : nan ('float' object has no attribute 'split')
2025-05-10 09:25:38,470:WARNING:Coordonnées invalides : nan ('float' object has no attribute 'split')
2025-05-10 09:25:38,473:WARNING:Coordonnées invalides : nan ('float' object has no attribute 'split')
2025-05-10 09:25:38,474:WARNING:Coordonnées invalides : nan ('float' object has no attribute 'split')
2025-05-10 09:25:38,479:WARNING:Coordonnées invalides : nan ('float' object has no attribute 'split')
2025-05-10 09:25:38,479:WARNING:Coordonnées invalides : nan ('float' object has no attribute 'split')
2025-05-10 09:25:38,479:WARNING:Coordonnées invalides : nan ('float' object has no attribute 'split')
2025-05-10 09:25:38,480:WARNING:Coordonnées invalides : nan ('float' object has no attribute 'split')
2025-05-10 09:25:38,481:WARNING:Coordonnées invalides : nan ('float' object has no attribute 'split')
2025-05-10 09:25:38,482:WARNING:Coordonnées invalides : nan ('float' object has no attribute 'split')
2025-05-10 09:25:38,484:WARNING:Coordonnées invalides : nan ('float' object has no attribute 'split')
2025-05-10 09:25:38,485:WARNING:Coordonnées invalides : nan ('float' object has no attribute 'split')
2025-05-10 09:25:38,487:WARNING:Coordonnées invalides : nan ('float' object has no attribute 'split')
2025-05-10 09:25:38,488:WARNING:Coordonnées invalides : nan ('float' object has no attribute 'split')
2025-05-10 09:25:38,488:WARNING:Coordonnées invalides : nan ('float' object has no attribute 'split')
2025-05-10 09:25:38,489:WARNING:Coordonnées invalides : nan ('float' object has no attribute 'split')
2025-05-10 09:25:38,490:WARNING:Coordonnées invalides : nan ('float' object has no attribute 'split')
2025-05-10 09:25:38,491:WARNING:Coordonnées invalides : nan ('float' object has no attribute 'split')
2025-05-10 09:25:38,491:WARNING:Coordonnées invalides : nan ('float' object has no attribute 'split')
2025-05-10 09:25:38,492:WARNING:Coordonnées invalides : nan ('float' object has no attribute 'split')
2025-05-10 09:25:38,492:WARNING:Coordonnées invalides : nan ('float' object has no attribute 'split')
2025-05-10 09:25:38,494:WARNING:Coordonnées invalides : nan ('float' object has no attribute 'split')
2025-05-10 09:25:38,495:WARNING:Coordonnées invalides : nan ('float' object has no attribute 'split')
2025-05-10 09:25:38,495:WARNING:Coordonnées invalides : nan ('float' object has no attribute 'split')
2025-05-10 09:25:38,495:WARNING:Coordonnées invalides : nan ('float' object has no attribute 'split')
2025-05-10 09:25:38,495:WARNING:Coordonnées invalides : nan ('float' object has no attribute 'split')
2025-05-10 09:25:38,495:WARNING:Coordonnées invalides : nan ('float' object has no attribute 'split')
2025-05-10 09:25:38,496:WARNING:Coordonnées invalides : nan ('float' object has no attribute 'split')
2025-05-10 09:25:38,497:WARNING:Coordonnées invalides : nan ('float' object has no attribute 'split')
2025-05-10 09:25:38,497:WARNING:Coordonnées invalides : nan ('float' object has no attribute 'split')
2025-05-10 09:25:38,497:WARNING:Coordonnées invalides : nan ('float' object has no attribute 'split')
2025-05-10 09:25:38,504:WARNING:Coordonnées invalides : nan ('float' object has no attribute 'split')
2025-05-10 09:25:38,506:WARNING:Coordonnées invalides : nan ('float' object has no attribute 'split')
2025-05-10 09:25:38,507:WARNING:Coordonnées invalides : nan ('float' object has no attribute 'split')
2025-05-10 09:25:38,507:WARNING:Coordonnées invalides : nan ('float' object has no attribute 'split')
2025-05-10 09:25:38,507:WARNING:Coordonnées invalides : nan ('float' object has no attribute 'split')
2025-05-10 09:25:38,508:WARNING:Coordonnées invalides : nan ('float' object has no attribute 'split')
2025-05-10 09:25:38,513:WARNING:Coordonnées invalides : nan ('float' object has no attribute 'split')
2025-05-10 09:25:38,514:WARNING:Coordonnées invalides : nan ('float' object has no attribute 'split')
2025-05-10 09:25:38,516:WARNING:Coordonnées invalides : nan ('float' object has no attribute 'split')
2025-05-10 09:25:38,516:WARNING:Coordonnées invalides : nan ('float' object has no attribute 'split')
2025-05-10 09:25:38,517:WARNING:Coordonnées invalides : nan ('float' object has no attribute 'split')
2025-05-10 09:25:38,517:WARNING:Coordonnées invalides : nan ('float' object has no attribute 'split')
2025-05-10 09:25:38,517:WARNING:Coordonnées invalides : nan ('float' object has no attribute 'split')
2025-05-10 09:25:38,517:WARNING:Coordonnées invalides : nan ('float' object has no attribute 'split')
2025-05-10 09:25:38,517:WARNING:Coordonnées invalides : nan ('float' object has no attribute 'split')
2025-05-10 09:25:38,518:WARNING:Coordonnées invalides : nan ('float' object has no attribute 'split')
2025-05-10 09:25:38,519:WARNING:Coordonnées invalides : nan ('float' object has no attribute 'split')
2025-05-10 09:25:38,519:WARNING:Coordonnées invalides : nan ('float' object has no attribute 'split')
2025-05-10 09:25:38,520:WARNING:Coordonnées invalides : nan ('float' object has no attribute 'split')
2025-05-10 09:25:38,520:WARNING:Coordonnées invalides : nan ('float' object has no attribute 'split')
2025-05-10 09:25:38,520:WARNING:Coordonnées invalides : nan ('float' object has no attribute 'split')
2025-05-10 09:25:38,520:WARNING:Coordonnées invalides : nan ('float' object has no attribute 'split')
2025-05-10 09:25:38,521:WARNING:Coordonnées invalides : nan ('float' object has no attribute 'split')
2025-05-10 09:25:38,521:WARNING:Coordonnées invalides : nan ('float' object has no attribute 'split')
2025-05-10 09:25:38,521:WARNING:Coordonnées invalides : nan ('float' object has no attribute 'split')
2025-05-10 09:25:38,522:WARNING:Coordonnées invalides : nan ('float' object has no attribute 'split')
2025-05-10 09:25:38,522:WARNING:Coordonnées invalides : nan ('float' object has no attribute 'split')
2025-05-10 09:25:38,523:WARNING:Coordonnées invalides : nan ('float' object has no attribute 'split')
2025-05-10 09:25:38,523:WARNING:Coordonnées invalides : nan ('float' object has no attribute 'split')
2025-05-10 09:25:38,524:WARNING:Coordonnées invalides : nan ('float' object has no attribute 'split')
2025-05-10 09:25:38,524:WARNING:Coordonnées invalides : nan ('float' object has no attribute 'split')
2025-05-10 09:25:38,524:WARNING:Coordonnées invalides : nan ('float' object has no attribute 'split')
2025-05-10 09:25:38,524:WARNING:Coordonnées invalides : nan ('float' object has no attribute 'split')
2025-05-10 09:25:38,524:WARNING:Coordonnées invalides : nan ('float' object has no attribute 'split')
2025-05-10 09:25:38,525:WARNING:Coordonnées invalides : nan ('float' object has no attribute 'split')
2025-05-10 09:25:38,525:WARNING:Coordonnées invalides : nan ('float' object has no attribute 'split')
2025-05-10 09:25:38,525:WARNING:Coordonnées invalides : nan ('float' object has no attribute 'split')
2025-05-10 09:25:38,525:WARNING:Coordonnées invalides : nan ('float' object has no attribute 'split')
2025-05-10 09:25:38,525:WARNING:Coordonnées invalides : nan ('float' object has no attribute 'split')
2025-05-10 09:25:38,526:WARNING:Coordonnées invalides : nan ('float' object has no attribute 'split')
2025-05-10 09:25:38,526:WARNING:Coordonnées invalides : nan ('float' object has no attribute 'split')
2025-05-10 09:25:38,526:WARNING:Coordonnées invalides : nan ('float' object has no attribute 'split')
2025-05-10 09:25:38,526:WARNING:Coordonnées invalides : nan ('float' object has no attribute 'split')
2025-05-10 09:25:38,526:WARNING:Coordonnées invalides : nan ('float' object has no attribute 'split')
2025-05-10 09:25:38,526:WARNING:Coordonnées invalides : nan ('float' object has no attribute 'split')
2025-05-10 09:25:38,526:WARNING:Coordonnées invalides : nan ('float' object has no attribute 'split')
2025-05-10 09:25:38,527:WARNING:Coordonnées invalides : nan ('float' object has no attribute 'split')
2025-05-10 09:25:38,527:WARNING:Coordonnées invalides : nan ('float' object has no attribute 'split')
2025-05-10 09:25:38,528:WARNING:Coordonnées invalides : nan ('float' object has no attribute 'split')
2025-05-10 09:25:38,528:WARNING:Coordonnées invalides : nan ('float' object has no attribute 'split')
2025-05-10 09:25:38,528:WARNING:Coordonnées invalides : nan ('float' object has no attribute 'split')
2025-05-10 09:25:38,528:WARNING:Coordonnées invalides : nan ('float' object has no attribute 'split')
2025-05-10 09:25:38,529:WARNING:Coordonnées invalides : nan ('float' object has no attribute 'split')
2025-05-10 09:25:38,529:WARNING:Coordonnées invalides : nan ('float' object has no attribute 'split')
2025-05-10 09:25:38,530:WARNING:Coordonnées invalides : nan ('float' object has no attribute 'split')
2025-05-10 09:25:38,530:WARNING:Coordonnées invalides : nan ('float' object has no attribute 'split')
2025-05-10 09:25:38,530:WARNING:Coordonnées invalides : nan ('float' object has no attribute 'split')
2025-05-10 09:25:38,530:WARNING:Coordonnées invalides : nan ('float' object has no attribute 'split')
2025-05-10 09:25:38,531:WARNING:Coordonnées invalides : nan ('float' object has no attribute 'split')
2025-05-10 09:25:38,532:WARNING:Coordonnées invalides : nan ('float' object has no attribute 'split')
2025-05-10 09:25:38,534:WARNING:Coordonnées invalides : nan ('float' object has no attribute 'split')
2025-05-10 09:25:38,535:WARNING:Coordonnées invalides : nan ('float' object has no attribute 'split')
2025-05-10 09:25:38,537:WARNING:Coordonnées invalides : nan ('float' object has no attribute 'split')
2025-05-10 09:25:38,537:WARNING:Coordonnées invalides : nan ('float' object has no attribute 'split')
2025-05-10 09:25:38,537:WARNING:Coordonnées invalides : nan ('float' object has no attribute 'split')
2025-05-10 09:25:38,538:WARNING:Coordonnées invalides : nan ('float' object has no attribute 'split')
2025-05-10 09:25:38,538:WARNING:Coordonnées invalides : nan ('float' object has no attribute 'split')
2025-05-10 09:25:38,538:WARNING:Coordonnées invalides : nan ('float' object has no attribute 'split')
2025-05-10 09:25:38,538:WARNING:Coordonnées invalides : nan ('float' object has no attribute 'split')
2025-05-10 09:25:38,539:WARNING:Coordonnées invalides : nan ('float' object has no attribute 'split')
2025-05-10 09:25:38,540:WARNING:Coordonnées invalides : nan ('float' object has no attribute 'split')
2025-05-10 09:25:38,542:WARNING:Coordonnées invalides : nan ('float' object has no attribute 'split')
2025-05-10 09:25:38,542:WARNING:Coordonnées invalides : nan ('float' object has no attribute 'split')
2025-05-10 09:25:38,542:WARNING:Coordonnées invalides : nan ('float' object has no attribute 'split')
2025-05-10 09:25:38,542:WARNING:Coordonnées invalides : nan ('float' object has no attribute 'split')
2025-05-10 09:25:38,542:WARNING:Coordonnées invalides : nan ('float' object has no attribute 'split')
2025-05-10 09:25:38,543:WARNING:Coordonnées invalides : nan ('float' object has no attribute 'split')
2025-05-10 09:25:38,543:WARNING:Coordonnées invalides : nan ('float' object has no attribute 'split')
2025-05-10 09:25:38,543:WARNING:Coordonnées invalides : nan ('float' object has no attribute 'split')
2025-05-10 09:25:38,544:WARNING:Coordonnées invalides : nan ('float' object has no attribute 'split')
2025-05-10 09:25:38,544:WARNING:Coordonnées invalides : nan ('float' object has no attribute 'split')
2025-05-10 09:25:38,544:WARNING:Coordonnées invalides : nan ('float' object has no attribute 'split')
2025-05-10 09:25:38,544:WARNING:Coordonnées invalides : nan ('float' object has no attribute 'split')
2025-05-10 09:25:38,544:WARNING:Coordonnées invalides : nan ('float' object has no attribute 'split')
2025-05-10 09:25:38,544:WARNING:Coordonnées invalides : nan ('float' object has no attribute 'split')
2025-05-10 09:25:38,545:WARNING:Coordonnées invalides : nan ('float' object has no attribute 'split')
2025-05-10 09:25:38,545:WARNING:Coordonnées invalides : nan ('float' object has no attribute 'split')
2025-05-10 09:25:38,545:WARNING:Coordonnées invalides : nan ('float' object has no attribute 'split')
2025-05-10 09:25:38,545:WARNING:Coordonnées invalides : nan ('float' object has no attribute 'split')
2025-05-10 09:25:38,545:WARNING:Coordonnées invalides : nan ('float' object has no attribute 'split')
2025-05-10 09:25:38,546:WARNING:Coordonnées invalides : nan ('float' object has no attribute 'split')
2025-05-10 09:25:38,546:WARNING:Coordonnées invalides : nan ('float' object has no attribute 'split')
2025-05-10 09:25:38,546:WARNING:Coordonnées invalides : nan ('float' object has no attribute 'split')
2025-05-10 09:25:38,546:WARNING:Coordonnées invalides : nan ('float' object has no attribute 'split')
2025-05-10 09:25:38,546:WARNING:Coordonnées invalides : nan ('float' object has no attribute 'split')
2025-05-10 09:25:38,546:WARNING:Coordonnées invalides : nan ('float' object has no attribute 'split')
2025-05-10 09:25:38,546:WARNING:Coordonnées invalides : nan ('float' object has no attribute 'split')
2025-05-10 09:25:38,546:WARNING:Coordonnées invalides : nan ('float' object has no attribute 'split')
2025-05-10 09:25:38,546:WARNING:Coordonnées invalides : nan ('float' object has no attribute 'split')
2025-05-10 09:25:38,547:WARNING:Coordonnées invalides : nan ('float' object has no attribute 'split')
2025-05-10 09:25:38,547:WARNING:Coordonnées invalides : nan ('float' object has no attribute 'split')
2025-05-10 09:25:38,547:WARNING:Coordonnées invalides : nan ('float' object has no attribute 'split')
2025-05-10 09:25:38,547:WARNING:Coordonnées invalides : nan ('float' object has no attribute 'split')
2025-05-10 09:25:38,547:WARNING:Coordonnées invalides : nan ('float' object has no attribute 'split')
2025-05-10 09:25:38,548:WARNING:Coordonnées invalides : nan ('float' object has no attribute 'split')
2025-05-10 09:25:38,548:WARNING:Coordonnées invalides : nan ('float' object has no attribute 'split')
2025-05-10 09:25:38,548:WARNING:Coordonnées invalides : nan ('float' object has no attribute 'split')
2025-05-10 09:25:38,549:WARNING:Coordonnées invalides : nan ('float' object has no attribute 'split')
2025-05-10 09:25:38,550:WARNING:Coordonnées invalides : nan ('float' object has no attribute 'split')
2025-05-10 09:25:38,551:WARNING:Coordonnées invalides : nan ('float' object has no attribute 'split')
2025-05-10 09:25:38,551:WARNING:Coordonnées invalides : nan ('float' object has no attribute 'split')
2025-05-10 09:25:38,552:WARNING:Coordonnées invalides : nan ('float' object has no attribute 'split')
2025-05-10 09:25:38,552:WARNING:Coordonnées invalides : nan ('float' object has no attribute 'split')
2025-05-10 09:25:38,552:WARNING:Coordonnées invalides : nan ('float' object has no attribute 'split')
2025-05-10 09:25:38,553:WARNING:Coordonnées invalides : nan ('float' object has no attribute 'split')
2025-05-10 09:25:38,554:WARNING:Coordonnées invalides : nan ('float' object has no attribute 'split')
2025-05-10 09:25:38,557:WARNING:Coordonnées invalides : nan ('float' object has no attribute 'split')
2025-05-10 09:25:38,557:WARNING:Coordonnées invalides : nan ('float' object has no attribute 'split')
2025-05-10 09:25:38,557:WARNING:Coordonnées invalides : nan ('float' object has no attribute 'split')
2025-05-10 09:25:38,557:WARNING:Coordonnées invalides : nan ('float' object has no attribute 'split')
2025-05-10 09:25:38,558:WARNING:Coordonnées invalides : nan ('float' object has no attribute 'split')
2025-05-10 09:25:38,558:WARNING:Coordonnées invalides : nan ('float' object has no attribute 'split')
2025-05-10 09:25:38,558:WARNING:Coordonnées invalides : nan ('float' object has no attribute 'split')
2025-05-10 09:25:38,559:WARNING:Coordonnées invalides : nan ('float' object has no attribute 'split')
2025-05-10 09:25:38,559:WARNING:Coordonnées invalides : nan ('float' object has no attribute 'split')
2025-05-10 09:25:38,559:WARNING:Coordonnées invalides : nan ('float' object has no attribute 'split')
2025-05-10 09:25:38,559:WARNING:Coordonnées invalides : nan ('float' object has no attribute 'split')
2025-05-10 09:25:38,559:WARNING:Coordonnées invalides : nan ('float' object has no attribute 'split')
2025-05-10 09:25:38,560:WARNING:Coordonnées invalides : nan ('float' object has no attribute 'split')
2025-05-10 09:25:38,560:WARNING:Coordonnées invalides : nan ('float' object has no attribute 'split')
2025-05-10 09:25:38,560:WARNING:Coordonnées invalides : nan ('float' object has no attribute 'split')
2025-05-10 09:25:38,560:WARNING:Coordonnées invalides : nan ('float' object has no attribute 'split')
2025-05-10 09:25:38,561:WARNING:Coordonnées invalides : nan ('float' object has no attribute 'split')
2025-05-10 09:25:38,561:WARNING:Coordonnées invalides : nan ('float' object has no attribute 'split')
2025-05-10 09:25:38,561:WARNING:Coordonnées invalides : nan ('float' object has no attribute 'split')
2025-05-10 09:25:38,562:WARNING:Coordonnées invalides : nan ('float' object has no attribute 'split')
2025-05-10 09:25:38,564:WARNING:Coordonnées invalides : nan ('float' object has no attribute 'split')
2025-05-10 09:25:38,566:WARNING:Coordonnées invalides : nan ('float' object has no attribute 'split')
2025-05-10 09:25:38,566:WARNING:Coordonnées invalides : nan ('float' object has no attribute 'split')
2025-05-10 09:25:38,566:WARNING:Coordonnées invalides : nan ('float' object has no attribute 'split')
2025-05-10 09:25:38,566:WARNING:Coordonnées invalides : nan ('float' object has no attribute 'split')
2025-05-10 09:25:38,567:WARNING:Coordonnées invalides : nan ('float' object has no attribute 'split')
2025-05-10 09:25:38,567:WARNING:Coordonnées invalides : nan ('float' object has no attribute 'split')
2025-05-10 09:25:38,568:WARNING:Coordonnées invalides : nan ('float' object has no attribute 'split')
2025-05-10 09:25:38,569:WARNING:Coordonnées invalides : nan ('float' object has no attribute 'split')
2025-05-10 09:25:38,569:WARNING:Coordonnées invalides : nan ('float' object has no attribute 'split')
2025-05-10 09:25:38,569:WARNING:Coordonnées invalides : nan ('float' object has no attribute 'split')
2025-05-10 09:25:38,570:WARNING:Coordonnées invalides : nan ('float' object has no attribute 'split')
2025-05-10 09:25:38,570:WARNING:Coordonnées invalides : nan ('float' object has no attribute 'split')
2025-05-10 09:25:38,570:WARNING:Coordonnées invalides : nan ('float' object has no attribute 'split')
2025-05-10 09:25:38,571:WARNING:Coordonnées invalides : nan ('float' object has no attribute 'split')
2025-05-10 09:25:38,571:WARNING:Coordonnées invalides : nan ('float' object has no attribute 'split')
2025-05-10 09:25:38,572:WARNING:Coordonnées invalides : nan ('float' object has no attribute 'split')
2025-05-10 09:25:38,572:WARNING:Coordonnées invalides : nan ('float' object has no attribute 'split')
2025-05-10 09:25:38,572:WARNING:Coordonnées invalides : nan ('float' object has no attribute 'split')
2025-05-10 09:25:38,572:WARNING:Coordonnées invalides : nan ('float' object has no attribute 'split')
2025-05-10 09:25:38,573:WARNING:Coordonnées invalides : nan ('float' object has no attribute 'split')
2025-05-10 09:25:38,577:WARNING:Coordonnées invalides : nan ('float' object has no attribute 'split')
2025-05-10 09:25:38,577:WARNING:Coordonnées invalides : nan ('float' object has no attribute 'split')
2025-05-10 09:25:38,578:WARNING:Coordonnées invalides : nan ('float' object has no attribute 'split')
2025-05-10 09:25:38,581:WARNING:Coordonnées invalides : nan ('float' object has no attribute 'split')
2025-05-10 09:25:38,581:WARNING:Coordonnées invalides : nan ('float' object has no attribute 'split')
2025-05-10 09:25:38,584:WARNING:Coordonnées invalides : nan ('float' object has no attribute 'split')
2025-05-10 09:25:38,584:WARNING:Coordonnées invalides : nan ('float' object has no attribute 'split')
2025-05-10 09:25:38,584:WARNING:Coordonnées invalides : nan ('float' object has no attribute 'split')
2025-05-10 09:25:38,584:WARNING:Coordonnées invalides : nan ('float' object has no attribute 'split')
2025-05-10 09:25:38,584:WARNING:Coordonnées invalides : nan ('float' object has no attribute 'split')
2025-05-10 09:25:38,585:WARNING:Coordonnées invalides : nan ('float' object has no attribute 'split')
2025-05-10 09:25:38,585:WARNING:Coordonnées invalides : nan ('float' object has no attribute 'split')
2025-05-10 09:25:38,585:WARNING:Coordonnées invalides : nan ('float' object has no attribute 'split')
2025-05-10 09:25:38,585:WARNING:Coordonnées invalides : nan ('float' object has no attribute 'split')
2025-05-10 09:25:38,590:WARNING:Coordonnées invalides : nan ('float' object has no attribute 'split')
2025-05-10 09:25:38,593:WARNING:Coordonnées invalides : nan ('float' object has no attribute 'split')
2025-05-10 09:25:38,594:WARNING:Coordonnées invalides : nan ('float' object has no attribute 'split')
2025-05-10 09:25:38,594:WARNING:Coordonnées invalides : nan ('float' object has no attribute 'split')
2025-05-10 09:25:38,601:WARNING:Coordonnées invalides : nan ('float' object has no attribute 'split')
2025-05-10 09:25:38,601:WARNING:Coordonnées invalides : nan ('float' object has no attribute 'split')
2025-05-10 09:25:38,602:WARNING:Coordonnées invalides : nan ('float' object has no attribute 'split')
2025-05-10 09:25:38,602:WARNING:Coordonnées invalides : nan ('float' object has no attribute 'split')
2025-05-10 09:25:38,602:WARNING:Coordonnées invalides : nan ('float' object has no attribute 'split')
2025-05-10 09:25:38,602:WARNING:Coordonnées invalides : nan ('float' object has no attribute 'split')
2025-05-10 09:25:38,603:WARNING:Coordonnées invalides : nan ('float' object has no attribute 'split')
2025-05-10 09:25:38,603:WARNING:Coordonnées invalides : nan ('float' object has no attribute 'split')
2025-05-10 09:25:38,604:WARNING:Coordonnées invalides : nan ('float' object has no attribute 'split')
2025-05-10 09:25:38,605:WARNING:Coordonnées invalides : nan ('float' object has no attribute 'split')
2025-05-10 09:25:38,605:WARNING:Coordonnées invalides : nan ('float' object has no attribute 'split')
2025-05-10 09:25:38,605:WARNING:Coordonnées invalides : nan ('float' object has no attribute 'split')
2025-05-10 09:25:38,606:WARNING:Coordonnées invalides : nan ('float' object has no attribute 'split')
2025-05-10 09:25:38,606:WARNING:Coordonnées invalides : nan ('float' object has no attribute 'split')
2025-05-10 09:25:38,607:WARNING:Coordonnées invalides : nan ('float' object has no attribute 'split')
2025-05-10 09:25:38,607:WARNING:Coordonnées invalides : nan ('float' object has no attribute 'split')
2025-05-10 09:25:38,608:WARNING:Coordonnées invalides : nan ('float' object has no attribute 'split')
2025-05-10 09:25:38,608:WARNING:Coordonnées invalides : nan ('float' object has no attribute 'split')
2025-05-10 09:25:38,608:WARNING:Coordonnées invalides : nan ('float' object has no attribute 'split')
2025-05-10 09:25:38,608:WARNING:Coordonnées invalides : nan ('float' object has no attribute 'split')
2025-05-10 09:25:38,608:WARNING:Coordonnées invalides : nan ('float' object has no attribute 'split')
2025-05-10 09:25:38,608:WARNING:Coordonnées invalides : nan ('float' object has no attribute 'split')
2025-05-10 09:25:38,609:WARNING:Coordonnées invalides : nan ('float' object has no attribute 'split')
2025-05-10 09:25:38,609:WARNING:Coordonnées invalides : nan ('float' object has no attribute 'split')
2025-05-10 09:25:38,610:WARNING:Coordonnées invalides : nan ('float' object has no attribute 'split')
2025-05-10 09:25:38,610:WARNING:Coordonnées invalides : nan ('float' object has no attribute 'split')
2025-05-10 09:25:38,610:WARNING:Coordonnées invalides : nan ('float' object has no attribute 'split')
2025-05-10 09:25:38,610:WARNING:Coordonnées invalides : nan ('float' object has no attribute 'split')
2025-05-10 09:25:38,611:WARNING:Coordonnées invalides : nan ('float' object has no attribute 'split')
2025-05-10 09:25:38,611:WARNING:Coordonnées invalides : nan ('float' object has no attribute 'split')
2025-05-10 09:25:38,611:WARNING:Coordonnées invalides : nan ('float' object has no attribute 'split')
2025-05-10 09:25:38,611:WARNING:Coordonnées invalides : nan ('float' object has no attribute 'split')
2025-05-10 09:25:38,611:WARNING:Coordonnées invalides : nan ('float' object has no attribute 'split')
2025-05-10 09:25:38,612:WARNING:Coordonnées invalides : nan ('float' object has no attribute 'split')
2025-05-10 09:25:38,613:WARNING:Coordonnées invalides : nan ('float' object has no attribute 'split')
2025-05-10 09:25:38,616:WARNING:Coordonnées invalides : nan ('float' object has no attribute 'split')
2025-05-10 09:25:38,617:WARNING:Coordonnées invalides : nan ('float' object has no attribute 'split')
2025-05-10 09:25:38,617:WARNING:Coordonnées invalides : nan ('float' object has no attribute 'split')
2025-05-10 09:25:38,617:WARNING:Coordonnées invalides : nan ('float' object has no attribute 'split')
2025-05-10 09:25:38,617:WARNING:Coordonnées invalides : nan ('float' object has no attribute 'split')
2025-05-10 09:25:38,618:WARNING:Coordonnées invalides : nan ('float' object has no attribute 'split')
2025-05-10 09:25:38,618:WARNING:Coordonnées invalides : nan ('float' object has no attribute 'split')
2025-05-10 09:25:38,618:WARNING:Coordonnées invalides : nan ('float' object has no attribute 'split')
2025-05-10 09:25:38,618:WARNING:Coordonnées invalides : nan ('float' object has no attribute 'split')
2025-05-10 09:25:38,618:WARNING:Coordonnées invalides : nan ('float' object has no attribute 'split')
2025-05-10 09:25:38,619:WARNING:Coordonnées invalides : nan ('float' object has no attribute 'split')
2025-05-10 09:25:38,619:WARNING:Coordonnées invalides : nan ('float' object has no attribute 'split')
2025-05-10 09:25:38,619:WARNING:Coordonnées invalides : nan ('float' object has no attribute 'split')
2025-05-10 09:25:38,619:WARNING:Coordonnées invalides : nan ('float' object has no attribute 'split')
2025-05-10 09:25:38,619:WARNING:Coordonnées invalides : nan ('float' object has no attribute 'split')
2025-05-10 09:25:38,620:WARNING:Coordonnées invalides : nan ('float' object has no attribute 'split')
2025-05-10 09:25:38,620:WARNING:Coordonnées invalides : nan ('float' object has no attribute 'split')
2025-05-10 09:25:38,621:WARNING:Coordonnées invalides : nan ('float' object has no attribute 'split')
2025-05-10 09:25:38,622:WARNING:Coordonnées invalides : nan ('float' object has no attribute 'split')
2025-05-10 09:25:38,622:WARNING:Coordonnées invalides : nan ('float' object has no attribute 'split')
2025-05-10 09:25:38,623:WARNING:Coordonnées invalides : nan ('float' object has no attribute 'split')
2025-05-10 09:25:38,623:WARNING:Coordonnées invalides : nan ('float' object has no attribute 'split')
2025-05-10 09:25:38,623:WARNING:Coordonnées invalides : nan ('float' object has no attribute 'split')
2025-05-10 09:25:38,623:WARNING:Coordonnées invalides : nan ('float' object has no attribute 'split')
2025-05-10 09:25:38,624:WARNING:Coordonnées invalides : nan ('float' object has no attribute 'split')
2025-05-10 09:25:38,624:WARNING:Coordonnées invalides : nan ('float' object has no attribute 'split')
2025-05-10 09:25:38,624:WARNING:Coordonnées invalides : nan ('float' object has no attribute 'split')
2025-05-10 09:25:38,624:WARNING:Coordonnées invalides : nan ('float' object has no attribute 'split')
2025-05-10 09:25:38,624:WARNING:Coordonnées invalides : nan ('float' object has no attribute 'split')
2025-05-10 09:25:38,624:WARNING:Coordonnées invalides : nan ('float' object has no attribute 'split')
2025-05-10 09:25:38,624:WARNING:Coordonnées invalides : nan ('float' object has no attribute 'split')
2025-05-10 09:25:38,625:WARNING:Coordonnées invalides : nan ('float' object has no attribute 'split')
2025-05-10 09:25:38,625:WARNING:Coordonnées invalides : nan ('float' object has no attribute 'split')
2025-05-10 09:25:38,625:WARNING:Coordonnées invalides : nan ('float' object has no attribute 'split')
2025-05-10 09:25:38,625:WARNING:Coordonnées invalides : nan ('float' object has no attribute 'split')
2025-05-10 09:25:38,625:WARNING:Coordonnées invalides : nan ('float' object has no attribute 'split')
2025-05-10 09:25:38,626:WARNING:Coordonnées invalides : nan ('float' object has no attribute 'split')
2025-05-10 09:25:38,626:WARNING:Coordonnées invalides : nan ('float' object has no attribute 'split')
2025-05-10 09:25:38,626:WARNING:Coordonnées invalides : nan ('float' object has no attribute 'split')
2025-05-10 09:25:38,627:WARNING:Coordonnées invalides : nan ('float' object has no attribute 'split')
2025-05-10 09:25:38,627:WARNING:Coordonnées invalides : nan ('float' object has no attribute 'split')
2025-05-10 09:25:38,627:WARNING:Coordonnées invalides : nan ('float' object has no attribute 'split')
2025-05-10 09:25:38,627:WARNING:Coordonnées invalides : nan ('float' object has no attribute 'split')
2025-05-10 09:25:38,627:WARNING:Coordonnées invalides : nan ('float' object has no attribute 'split')
2025-05-10 09:25:38,627:WARNING:Coordonnées invalides : nan ('float' object has no attribute 'split')
2025-05-10 09:25:38,628:WARNING:Coordonnées invalides : nan ('float' object has no attribute 'split')
2025-05-10 09:25:38,629:WARNING:Coordonnées invalides : nan ('float' object has no attribute 'split')
2025-05-10 09:25:38,629:WARNING:Coordonnées invalides : nan ('float' object has no attribute 'split')
2025-05-10 09:25:38,629:WARNING:Coordonnées invalides : nan ('float' object has no attribute 'split')
2025-05-10 09:25:38,629:WARNING:Coordonnées invalides : nan ('float' object has no attribute 'split')
2025-05-10 09:25:38,629:WARNING:Coordonnées invalides : nan ('float' object has no attribute 'split')
2025-05-10 09:25:38,630:WARNING:Coordonnées invalides : nan ('float' object has no attribute 'split')
2025-05-10 09:25:38,630:WARNING:Coordonnées invalides : nan ('float' object has no attribute 'split')
2025-05-10 09:25:38,631:WARNING:Coordonnées invalides : nan ('float' object has no attribute 'split')
2025-05-10 09:25:38,631:WARNING:Coordonnées invalides : nan ('float' object has no attribute 'split')
2025-05-10 09:25:38,632:WARNING:Coordonnées invalides : nan ('float' object has no attribute 'split')
2025-05-10 09:25:38,632:WARNING:Coordonnées invalides : nan ('float' object has no attribute 'split')
2025-05-10 09:25:38,633:WARNING:Coordonnées invalides : nan ('float' object has no attribute 'split')
2025-05-10 09:25:38,633:WARNING:Coordonnées invalides : nan ('float' object has no attribute 'split')
2025-05-10 09:25:38,633:WARNING:Coordonnées invalides : nan ('float' object has no attribute 'split')
2025-05-10 09:25:38,634:WARNING:Coordonnées invalides : nan ('float' object has no attribute 'split')
2025-05-10 09:25:38,635:WARNING:Coordonnées invalides : nan ('float' object has no attribute 'split')
2025-05-10 09:25:38,635:WARNING:Coordonnées invalides : nan ('float' object has no attribute 'split')
2025-05-10 09:25:38,636:WARNING:Coordonnées invalides : nan ('float' object has no attribute 'split')
2025-05-10 09:25:38,636:WARNING:Coordonnées invalides : nan ('float' object has no attribute 'split')
2025-05-10 09:25:38,636:WARNING:Coordonnées invalides : nan ('float' object has no attribute 'split')
2025-05-10 09:25:38,637:WARNING:Coordonnées invalides : nan ('float' object has no attribute 'split')
2025-05-10 09:25:38,637:WARNING:Coordonnées invalides : nan ('float' object has no attribute 'split')
2025-05-10 09:25:38,637:WARNING:Coordonnées invalides : nan ('float' object has no attribute 'split')
2025-05-10 09:25:38,637:WARNING:Coordonnées invalides : nan ('float' object has no attribute 'split')
2025-05-10 09:25:38,637:WARNING:Coordonnées invalides : nan ('float' object has no attribute 'split')
2025-05-10 09:25:38,638:WARNING:Coordonnées invalides : nan ('float' object has no attribute 'split')
2025-05-10 09:25:38,638:WARNING:Coordonnées invalides : nan ('float' object has no attribute 'split')
2025-05-10 09:25:38,638:WARNING:Coordonnées invalides : nan ('float' object has no attribute 'split')
2025-05-10 09:25:38,639:WARNING:Coordonnées invalides : nan ('float' object has no attribute 'split')
2025-05-10 09:25:38,639:WARNING:Coordonnées invalides : nan ('float' object has no attribute 'split')
2025-05-10 09:25:38,639:WARNING:Coordonnées invalides : nan ('float' object has no attribute 'split')
2025-05-10 09:25:38,641:WARNING:Coordonnées invalides : nan ('float' object has no attribute 'split')
2025-05-10 09:25:38,642:WARNING:Coordonnées invalides : nan ('float' object has no attribute 'split')
2025-05-10 09:25:38,642:WARNING:Coordonnées invalides : nan ('float' object has no attribute 'split')
2025-05-10 09:25:38,643:WARNING:Coordonnées invalides : nan ('float' object has no attribute 'split')
2025-05-10 09:25:38,643:WARNING:Coordonnées invalides : nan ('float' object has no attribute 'split')
2025-05-10 09:25:38,644:WARNING:Coordonnées invalides : nan ('float' object has no attribute 'split')
2025-05-10 09:25:38,644:WARNING:Coordonnées invalides : nan ('float' object has no attribute 'split')
2025-05-10 09:25:38,646:WARNING:Coordonnées invalides : nan ('float' object has no attribute 'split')
2025-05-10 09:25:38,646:WARNING:Coordonnées invalides : nan ('float' object has no attribute 'split')
2025-05-10 09:25:38,646:WARNING:Coordonnées invalides : nan ('float' object has no attribute 'split')
2025-05-10 09:25:38,649:WARNING:Coordonnées invalides : nan ('float' object has no attribute 'split')
2025-05-10 09:25:38,649:WARNING:Coordonnées invalides : nan ('float' object has no attribute 'split')
2025-05-10 09:25:38,649:WARNING:Coordonnées invalides : nan ('float' object has no attribute 'split')
2025-05-10 09:25:38,651:WARNING:Coordonnées invalides : nan ('float' object has no attribute 'split')
2025-05-10 09:25:38,651:WARNING:Coordonnées invalides : nan ('float' object has no attribute 'split')
2025-05-10 09:25:38,652:WARNING:Coordonnées invalides : nan ('float' object has no attribute 'split')
2025-05-10 09:25:38,652:WARNING:Coordonnées invalides : nan ('float' object has no attribute 'split')
2025-05-10 09:25:38,652:WARNING:Coordonnées invalides : nan ('float' object has no attribute 'split')
2025-05-10 09:25:38,653:WARNING:Coordonnées invalides : nan ('float' object has no attribute 'split')
2025-05-10 09:25:38,653:WARNING:Coordonnées invalides : nan ('float' object has no attribute 'split')
2025-05-10 09:25:38,655:WARNING:Coordonnées invalides : nan ('float' object has no attribute 'split')
2025-05-10 09:25:38,655:WARNING:Coordonnées invalides : nan ('float' object has no attribute 'split')
2025-05-10 09:25:38,655:WARNING:Coordonnées invalides : nan ('float' object has no attribute 'split')
2025-05-10 09:25:38,656:WARNING:Coordonnées invalides : nan ('float' object has no attribute 'split')
2025-05-10 09:25:38,656:WARNING:Coordonnées invalides : nan ('float' object has no attribute 'split')
2025-05-10 09:25:38,656:WARNING:Coordonnées invalides : nan ('float' object has no attribute 'split')
2025-05-10 09:25:38,657:WARNING:Coordonnées invalides : nan ('float' object has no attribute 'split')
2025-05-10 09:25:38,661:WARNING:Coordonnées invalides : nan ('float' object has no attribute 'split')
2025-05-10 09:25:38,683:WARNING:Coordonnées invalides : nan ('float' object has no attribute 'split')
2025-05-10 09:25:38,685:WARNING:Coordonnées invalides : nan ('float' object has no attribute 'split')
2025-05-10 09:25:38,686:WARNING:Coordonnées invalides : nan ('float' object has no attribute 'split')
2025-05-10 09:25:38,686:WARNING:Coordonnées invalides : nan ('float' object has no attribute 'split')
2025-05-10 09:25:38,689:WARNING:Coordonnées invalides : nan ('float' object has no attribute 'split')
2025-05-10 09:25:38,690:WARNING:Coordonnées invalides : nan ('float' object has no attribute 'split')
2025-05-10 09:25:38,690:WARNING:Coordonnées invalides : nan ('float' object has no attribute 'split')
2025-05-10 09:25:38,690:WARNING:Coordonnées invalides : nan ('float' object has no attribute 'split')
2025-05-10 09:25:38,690:WARNING:Coordonnées invalides : nan ('float' object has no attribute 'split')
2025-05-10 09:25:38,691:WARNING:Coordonnées invalides : nan ('float' object has no attribute 'split')
2025-05-10 09:25:38,692:WARNING:Coordonnées invalides : nan ('float' object has no attribute 'split')
2025-05-10 09:25:38,692:WARNING:Coordonnées invalides : nan ('float' object has no attribute 'split')
2025-05-10 09:25:38,692:WARNING:Coordonnées invalides : nan ('float' object has no attribute 'split')
2025-05-10 09:25:38,692:WARNING:Coordonnées invalides : nan ('float' object has no attribute 'split')
2025-05-10 09:25:38,692:WARNING:Coordonnées invalides : nan ('float' object has no attribute 'split')
2025-05-10 09:25:38,692:WARNING:Coordonnées invalides : nan ('float' object has no attribute 'split')
2025-05-10 09:25:38,693:WARNING:Coordonnées invalides : nan ('float' object has no attribute 'split')
2025-05-10 09:25:38,693:WARNING:Coordonnées invalides : nan ('float' object has no attribute 'split')
2025-05-10 09:25:38,694:WARNING:Coordonnées invalides : nan ('float' object has no attribute 'split')
2025-05-10 09:25:38,694:WARNING:Coordonnées invalides : nan ('float' object has no attribute 'split')
2025-05-10 09:25:38,695:WARNING:Coordonnées invalides : nan ('float' object has no attribute 'split')
2025-05-10 09:25:38,695:WARNING:Coordonnées invalides : nan ('float' object has no attribute 'split')
2025-05-10 09:25:38,696:WARNING:Coordonnées invalides : nan ('float' object has no attribute 'split')
2025-05-10 09:25:38,696:WARNING:Coordonnées invalides : nan ('float' object has no attribute 'split')
2025-05-10 09:25:38,696:WARNING:Coordonnées invalides : nan ('float' object has no attribute 'split')
2025-05-10 09:25:38,696:WARNING:Coordonnées invalides : nan ('float' object has no attribute 'split')
2025-05-10 09:25:38,696:WARNING:Coordonnées invalides : nan ('float' object has no attribute 'split')
2025-05-10 09:25:38,699:WARNING:Coordonnées invalides : nan ('float' object has no attribute 'split')
2025-05-10 09:25:38,700:WARNING:Coordonnées invalides : nan ('float' object has no attribute 'split')
2025-05-10 09:25:38,700:WARNING:Coordonnées invalides : nan ('float' object has no attribute 'split')
2025-05-10 09:25:38,701:WARNING:Coordonnées invalides : nan ('float' object has no attribute 'split')
2025-05-10 09:25:38,701:WARNING:Coordonnées invalides : nan ('float' object has no attribute 'split')
2025-05-10 09:25:38,701:WARNING:Coordonnées invalides : nan ('float' object has no attribute 'split')
2025-05-10 09:25:38,701:WARNING:Coordonnées invalides : nan ('float' object has no attribute 'split')
2025-05-10 09:25:38,702:WARNING:Coordonnées invalides : nan ('float' object has no attribute 'split')
2025-05-10 09:25:38,702:WARNING:Coordonnées invalides : nan ('float' object has no attribute 'split')
2025-05-10 09:25:38,702:WARNING:Coordonnées invalides : nan ('float' object has no attribute 'split')
2025-05-10 09:25:38,702:WARNING:Coordonnées invalides : nan ('float' object has no attribute 'split')
2025-05-10 09:25:38,703:WARNING:Coordonnées invalides : nan ('float' object has no attribute 'split')
2025-05-10 09:25:38,703:WARNING:Coordonnées invalides : nan ('float' object has no attribute 'split')
2025-05-10 09:25:38,703:WARNING:Coordonnées invalides : nan ('float' object has no attribute 'split')
2025-05-10 09:25:38,703:WARNING:Coordonnées invalides : nan ('float' object has no attribute 'split')
2025-05-10 09:25:38,703:WARNING:Coordonnées invalides : nan ('float' object has no attribute 'split')
2025-05-10 09:25:38,704:WARNING:Coordonnées invalides : nan ('float' object has no attribute 'split')
2025-05-10 09:25:38,706:WARNING:Coordonnées invalides : nan ('float' object has no attribute 'split')
2025-05-10 09:25:38,706:WARNING:Coordonnées invalides : nan ('float' object has no attribute 'split')
2025-05-10 09:25:38,707:WARNING:Coordonnées invalides : nan ('float' object has no attribute 'split')
2025-05-10 09:25:38,707:WARNING:Coordonnées invalides : nan ('float' object has no attribute 'split')
2025-05-10 09:25:38,708:WARNING:Coordonnées invalides : nan ('float' object has no attribute 'split')
2025-05-10 09:25:38,708:WARNING:Coordonnées invalides : nan ('float' object has no attribute 'split')
2025-05-10 09:25:38,708:WARNING:Coordonnées invalides : nan ('float' object has no attribute 'split')
2025-05-10 09:25:38,708:WARNING:Coordonnées invalides : nan ('float' object has no attribute 'split')
2025-05-10 09:25:38,708:WARNING:Coordonnées invalides : nan ('float' object has no attribute 'split')
2025-05-10 09:25:38,708:WARNING:Coordonnées invalides : nan ('float' object has no attribute 'split')
2025-05-10 09:25:38,709:WARNING:Coordonnées invalides : nan ('float' object has no attribute 'split')
2025-05-10 09:25:38,709:WARNING:Coordonnées invalides : nan ('float' object has no attribute 'split')
2025-05-10 09:25:38,709:WARNING:Coordonnées invalides : nan ('float' object has no attribute 'split')
2025-05-10 09:25:38,709:WARNING:Coordonnées invalides : nan ('float' object has no attribute 'split')
2025-05-10 09:25:38,709:WARNING:Coordonnées invalides : nan ('float' object has no attribute 'split')
2025-05-10 09:25:38,709:WARNING:Coordonnées invalides : nan ('float' object has no attribute 'split')
2025-05-10 09:25:38,709:WARNING:Coordonnées invalides : nan ('float' object has no attribute 'split')
2025-05-10 09:25:38,710:WARNING:Coordonnées invalides : nan ('float' object has no attribute 'split')
2025-05-10 09:25:38,710:WARNING:Coordonnées invalides : nan ('float' object has no attribute 'split')
2025-05-10 09:25:38,710:WARNING:Coordonnées invalides : nan ('float' object has no attribute 'split')
2025-05-10 09:25:38,710:WARNING:Coordonnées invalides : nan ('float' object has no attribute 'split')
2025-05-10 09:25:38,711:WARNING:Coordonnées invalides : nan ('float' object has no attribute 'split')
2025-05-10 09:25:38,711:WARNING:Coordonnées invalides : nan ('float' object has no attribute 'split')
2025-05-10 09:25:38,711:WARNING:Coordonnées invalides : nan ('float' object has no attribute 'split')
2025-05-10 09:25:38,711:WARNING:Coordonnées invalides : nan ('float' object has no attribute 'split')
2025-05-10 09:25:38,711:WARNING:Coordonnées invalides : nan ('float' object has no attribute 'split')
2025-05-10 09:25:38,711:WARNING:Coordonnées invalides : nan ('float' object has no attribute 'split')
2025-05-10 09:25:38,711:WARNING:Coordonnées invalides : nan ('float' object has no attribute 'split')
2025-05-10 09:25:38,712:WARNING:Coordonnées invalides : nan ('float' object has no attribute 'split')
2025-05-10 09:25:38,712:WARNING:Coordonnées invalides : nan ('float' object has no attribute 'split')
2025-05-10 09:25:38,713:WARNING:Coordonnées invalides : nan ('float' object has no attribute 'split')
2025-05-10 09:25:38,713:WARNING:Coordonnées invalides : nan ('float' object has no attribute 'split')
2025-05-10 09:25:38,713:WARNING:Coordonnées invalides : nan ('float' object has no attribute 'split')
2025-05-10 09:25:38,713:WARNING:Coordonnées invalides : nan ('float' object has no attribute 'split')
2025-05-10 09:25:38,714:WARNING:Coordonnées invalides : nan ('float' object has no attribute 'split')
2025-05-10 09:25:38,830:WARNING:920 coordonnées GPS manquantes ou invalides détectées
2025-05-10 09:25:38,830:INFO:Ingestion automates: 5019 lignes après nettoyage
2025-05-10 09:25:38,831:INFO:✅ Ingestion terminée avec succès
2025-05-10 09:26:47,229:INFO:🚀 Début de l'ingestion des données
2025-05-10 09:26:47,261:INFO:Fichier chargé: automates.csv (6107 lignes, 13 colonnes)
2025-05-10 09:26:47,296:WARNING:Coordonnées invalides : nan ('float' object has no attribute 'split')
2025-05-10 09:26:47,296:WARNING:Coordonnées invalides : nan ('float' object has no attribute 'split')
2025-05-10 09:26:47,296:WARNING:Coordonnées invalides : nan ('float' object has no attribute 'split')
2025-05-10 09:26:47,297:WARNING:Coordonnées invalides : nan ('float' object has no attribute 'split')
2025-05-10 09:26:47,297:WARNING:Coordonnées invalides : nan ('float' object has no attribute 'split')
2025-05-10 09:26:47,298:WARNING:Coordonnées invalides : nan ('float' object has no attribute 'split')
2025-05-10 09:26:47,301:WARNING:Coordonnées invalides : nan ('float' object has no attribute 'split')
2025-05-10 09:26:47,301:WARNING:Coordonnées invalides : nan ('float' object has no attribute 'split')
2025-05-10 09:26:47,301:WARNING:Coordonnées invalides : nan ('float' object has no attribute 'split')
2025-05-10 09:26:47,302:WARNING:Coordonnées invalides : nan ('float' object has no attribute 'split')
2025-05-10 09:26:47,302:WARNING:Coordonnées invalides : nan ('float' object has no attribute 'split')
2025-05-10 09:26:47,302:WARNING:Coordonnées invalides : nan ('float' object has no attribute 'split')
2025-05-10 09:26:47,303:WARNING:Coordonnées invalides : nan ('float' object has no attribute 'split')
2025-05-10 09:26:47,303:WARNING:Coordonnées invalides : nan ('float' object has no attribute 'split')
2025-05-10 09:26:47,303:WARNING:Coordonnées invalides : nan ('float' object has no attribute 'split')
2025-05-10 09:26:47,303:WARNING:Coordonnées invalides : nan ('float' object has no attribute 'split')
2025-05-10 09:26:47,303:WARNING:Coordonnées invalides : nan ('float' object has no attribute 'split')
2025-05-10 09:26:47,304:WARNING:Coordonnées invalides : nan ('float' object has no attribute 'split')
2025-05-10 09:26:47,304:WARNING:Coordonnées invalides : nan ('float' object has no attribute 'split')
2025-05-10 09:26:47,304:WARNING:Coordonnées invalides : nan ('float' object has no attribute 'split')
2025-05-10 09:26:47,305:WARNING:Coordonnées invalides : nan ('float' object has no attribute 'split')
2025-05-10 09:26:47,305:WARNING:Coordonnées invalides : nan ('float' object has no attribute 'split')
2025-05-10 09:26:47,305:WARNING:Coordonnées invalides : nan ('float' object has no attribute 'split')
2025-05-10 09:26:47,305:WARNING:Coordonnées invalides : nan ('float' object has no attribute 'split')
2025-05-10 09:26:47,306:WARNING:Coordonnées invalides : nan ('float' object has no attribute 'split')
2025-05-10 09:26:47,307:WARNING:Coordonnées invalides : nan ('float' object has no attribute 'split')
2025-05-10 09:26:47,307:WARNING:Coordonnées invalides : nan ('float' object has no attribute 'split')
2025-05-10 09:26:47,307:WARNING:Coordonnées invalides : nan ('float' object has no attribute 'split')
2025-05-10 09:26:47,307:WARNING:Coordonnées invalides : nan ('float' object has no attribute 'split')
2025-05-10 09:26:47,307:WARNING:Coordonnées invalides : nan ('float' object has no attribute 'split')
2025-05-10 09:26:47,307:WARNING:Coordonnées invalides : nan ('float' object has no attribute 'split')
2025-05-10 09:26:47,309:WARNING:Coordonnées invalides : nan ('float' object has no attribute 'split')
2025-05-10 09:26:47,309:WARNING:Coordonnées invalides : nan ('float' object has no attribute 'split')
2025-05-10 09:26:47,309:WARNING:Coordonnées invalides : nan ('float' object has no attribute 'split')
2025-05-10 09:26:47,309:WARNING:Coordonnées invalides : nan ('float' object has no attribute 'split')
2025-05-10 09:26:47,311:WARNING:Coordonnées invalides : nan ('float' object has no attribute 'split')
2025-05-10 09:26:47,311:WARNING:Coordonnées invalides : nan ('float' object has no attribute 'split')
2025-05-10 09:26:47,313:WARNING:Coordonnées invalides : nan ('float' object has no attribute 'split')
2025-05-10 09:26:47,313:WARNING:Coordonnées invalides : nan ('float' object has no attribute 'split')
2025-05-10 09:26:47,315:WARNING:Coordonnées invalides : nan ('float' object has no attribute 'split')
2025-05-10 09:26:47,315:WARNING:Coordonnées invalides : nan ('float' object has no attribute 'split')
2025-05-10 09:26:47,316:WARNING:Coordonnées invalides : nan ('float' object has no attribute 'split')
2025-05-10 09:26:47,317:WARNING:Coordonnées invalides : nan ('float' object has no attribute 'split')
2025-05-10 09:26:47,317:WARNING:Coordonnées invalides : nan ('float' object has no attribute 'split')
2025-05-10 09:26:47,317:WARNING:Coordonnées invalides : nan ('float' object has no attribute 'split')
2025-05-10 09:26:47,319:WARNING:Coordonnées invalides : nan ('float' object has no attribute 'split')
2025-05-10 09:26:47,320:WARNING:Coordonnées invalides : nan ('float' object has no attribute 'split')
2025-05-10 09:26:47,321:WARNING:Coordonnées invalides : nan ('float' object has no attribute 'split')
2025-05-10 09:26:47,321:WARNING:Coordonnées invalides : nan ('float' object has no attribute 'split')
2025-05-10 09:26:47,321:WARNING:Coordonnées invalides : nan ('float' object has no attribute 'split')
2025-05-10 09:26:47,322:WARNING:Coordonnées invalides : nan ('float' object has no attribute 'split')
2025-05-10 09:26:47,323:WARNING:Coordonnées invalides : nan ('float' object has no attribute 'split')
2025-05-10 09:26:47,323:WARNING:Coordonnées invalides : nan ('float' object has no attribute 'split')
2025-05-10 09:26:47,323:WARNING:Coordonnées invalides : nan ('float' object has no attribute 'split')
2025-05-10 09:26:47,324:WARNING:Coordonnées invalides : nan ('float' object has no attribute 'split')
2025-05-10 09:26:47,324:WARNING:Coordonnées invalides : nan ('float' object has no attribute 'split')
2025-05-10 09:26:47,326:WARNING:Coordonnées invalides : nan ('float' object has no attribute 'split')
2025-05-10 09:26:47,326:WARNING:Coordonnées invalides : nan ('float' object has no attribute 'split')
2025-05-10 09:26:47,326:WARNING:Coordonnées invalides : nan ('float' object has no attribute 'split')
2025-05-10 09:26:47,326:WARNING:Coordonnées invalides : nan ('float' object has no attribute 'split')
2025-05-10 09:26:47,326:WARNING:Coordonnées invalides : nan ('float' object has no attribute 'split')
2025-05-10 09:26:47,326:WARNING:Coordonnées invalides : nan ('float' object has no attribute 'split')
2025-05-10 09:26:47,327:WARNING:Coordonnées invalides : nan ('float' object has no attribute 'split')
2025-05-10 09:26:47,327:WARNING:Coordonnées invalides : nan ('float' object has no attribute 'split')
2025-05-10 09:26:47,327:WARNING:Coordonnées invalides : nan ('float' object has no attribute 'split')
2025-05-10 09:26:47,327:WARNING:Coordonnées invalides : nan ('float' object has no attribute 'split')
2025-05-10 09:26:47,331:WARNING:Coordonnées invalides : nan ('float' object has no attribute 'split')
2025-05-10 09:26:47,332:WARNING:Coordonnées invalides : nan ('float' object has no attribute 'split')
2025-05-10 09:26:47,333:WARNING:Coordonnées invalides : nan ('float' object has no attribute 'split')
2025-05-10 09:26:47,333:WARNING:Coordonnées invalides : nan ('float' object has no attribute 'split')
2025-05-10 09:26:47,333:WARNING:Coordonnées invalides : nan ('float' object has no attribute 'split')
2025-05-10 09:26:47,333:WARNING:Coordonnées invalides : nan ('float' object has no attribute 'split')
2025-05-10 09:26:47,338:WARNING:Coordonnées invalides : nan ('float' object has no attribute 'split')
2025-05-10 09:26:47,338:WARNING:Coordonnées invalides : nan ('float' object has no attribute 'split')
2025-05-10 09:26:47,341:WARNING:Coordonnées invalides : nan ('float' object has no attribute 'split')
2025-05-10 09:26:47,341:WARNING:Coordonnées invalides : nan ('float' object has no attribute 'split')
2025-05-10 09:26:47,342:WARNING:Coordonnées invalides : nan ('float' object has no attribute 'split')
2025-05-10 09:26:47,342:WARNING:Coordonnées invalides : nan ('float' object has no attribute 'split')
2025-05-10 09:26:47,342:WARNING:Coordonnées invalides : nan ('float' object has no attribute 'split')
2025-05-10 09:26:47,342:WARNING:Coordonnées invalides : nan ('float' object has no attribute 'split')
2025-05-10 09:26:47,342:WARNING:Coordonnées invalides : nan ('float' object has no attribute 'split')
2025-05-10 09:26:47,343:WARNING:Coordonnées invalides : nan ('float' object has no attribute 'split')
2025-05-10 09:26:47,344:WARNING:Coordonnées invalides : nan ('float' object has no attribute 'split')
2025-05-10 09:26:47,345:WARNING:Coordonnées invalides : nan ('float' object has no attribute 'split')
2025-05-10 09:26:47,345:WARNING:Coordonnées invalides : nan ('float' object has no attribute 'split')
2025-05-10 09:26:47,345:WARNING:Coordonnées invalides : nan ('float' object has no attribute 'split')
2025-05-10 09:26:47,346:WARNING:Coordonnées invalides : nan ('float' object has no attribute 'split')
2025-05-10 09:26:47,346:WARNING:Coordonnées invalides : nan ('float' object has no attribute 'split')
2025-05-10 09:26:47,347:WARNING:Coordonnées invalides : nan ('float' object has no attribute 'split')
2025-05-10 09:26:47,347:WARNING:Coordonnées invalides : nan ('float' object has no attribute 'split')
2025-05-10 09:26:47,347:WARNING:Coordonnées invalides : nan ('float' object has no attribute 'split')
2025-05-10 09:26:47,348:WARNING:Coordonnées invalides : nan ('float' object has no attribute 'split')
2025-05-10 09:26:47,348:WARNING:Coordonnées invalides : nan ('float' object has no attribute 'split')
2025-05-10 09:26:47,349:WARNING:Coordonnées invalides : nan ('float' object has no attribute 'split')
2025-05-10 09:26:47,349:WARNING:Coordonnées invalides : nan ('float' object has no attribute 'split')
2025-05-10 09:26:47,349:WARNING:Coordonnées invalides : nan ('float' object has no attribute 'split')
2025-05-10 09:26:47,349:WARNING:Coordonnées invalides : nan ('float' object has no attribute 'split')
2025-05-10 09:26:47,350:WARNING:Coordonnées invalides : nan ('float' object has no attribute 'split')
2025-05-10 09:26:47,350:WARNING:Coordonnées invalides : nan ('float' object has no attribute 'split')
2025-05-10 09:26:47,350:WARNING:Coordonnées invalides : nan ('float' object has no attribute 'split')
2025-05-10 09:26:47,351:WARNING:Coordonnées invalides : nan ('float' object has no attribute 'split')
2025-05-10 09:26:47,351:WARNING:Coordonnées invalides : nan ('float' object has no attribute 'split')
2025-05-10 09:26:47,351:WARNING:Coordonnées invalides : nan ('float' object has no attribute 'split')
2025-05-10 09:26:47,351:WARNING:Coordonnées invalides : nan ('float' object has no attribute 'split')
2025-05-10 09:26:47,351:WARNING:Coordonnées invalides : nan ('float' object has no attribute 'split')
2025-05-10 09:26:47,352:WARNING:Coordonnées invalides : nan ('float' object has no attribute 'split')
2025-05-10 09:26:47,352:WARNING:Coordonnées invalides : nan ('float' object has no attribute 'split')
2025-05-10 09:26:47,352:WARNING:Coordonnées invalides : nan ('float' object has no attribute 'split')
2025-05-10 09:26:47,352:WARNING:Coordonnées invalides : nan ('float' object has no attribute 'split')
2025-05-10 09:26:47,352:WARNING:Coordonnées invalides : nan ('float' object has no attribute 'split')
2025-05-10 09:26:47,353:WARNING:Coordonnées invalides : nan ('float' object has no attribute 'split')
2025-05-10 09:26:47,353:WARNING:Coordonnées invalides : nan ('float' object has no attribute 'split')
2025-05-10 09:26:47,353:WARNING:Coordonnées invalides : nan ('float' object has no attribute 'split')
2025-05-10 09:26:47,353:WARNING:Coordonnées invalides : nan ('float' object has no attribute 'split')
2025-05-10 09:26:47,354:WARNING:Coordonnées invalides : nan ('float' object has no attribute 'split')
2025-05-10 09:26:47,354:WARNING:Coordonnées invalides : nan ('float' object has no attribute 'split')
2025-05-10 09:26:47,355:WARNING:Coordonnées invalides : nan ('float' object has no attribute 'split')
2025-05-10 09:26:47,355:WARNING:Coordonnées invalides : nan ('float' object has no attribute 'split')
2025-05-10 09:26:47,355:WARNING:Coordonnées invalides : nan ('float' object has no attribute 'split')
2025-05-10 09:26:47,356:WARNING:Coordonnées invalides : nan ('float' object has no attribute 'split')
2025-05-10 09:26:47,356:WARNING:Coordonnées invalides : nan ('float' object has no attribute 'split')
2025-05-10 09:26:47,356:WARNING:Coordonnées invalides : nan ('float' object has no attribute 'split')
2025-05-10 09:26:47,356:WARNING:Coordonnées invalides : nan ('float' object has no attribute 'split')
2025-05-10 09:26:47,356:WARNING:Coordonnées invalides : nan ('float' object has no attribute 'split')
2025-05-10 09:26:47,357:WARNING:Coordonnées invalides : nan ('float' object has no attribute 'split')
2025-05-10 09:26:47,359:WARNING:Coordonnées invalides : nan ('float' object has no attribute 'split')
2025-05-10 09:26:47,361:WARNING:Coordonnées invalides : nan ('float' object has no attribute 'split')
2025-05-10 09:26:47,361:WARNING:Coordonnées invalides : nan ('float' object has no attribute 'split')
2025-05-10 09:26:47,364:WARNING:Coordonnées invalides : nan ('float' object has no attribute 'split')
2025-05-10 09:26:47,364:WARNING:Coordonnées invalides : nan ('float' object has no attribute 'split')
2025-05-10 09:26:47,364:WARNING:Coordonnées invalides : nan ('float' object has no attribute 'split')
2025-05-10 09:26:47,365:WARNING:Coordonnées invalides : nan ('float' object has no attribute 'split')
2025-05-10 09:26:47,365:WARNING:Coordonnées invalides : nan ('float' object has no attribute 'split')
2025-05-10 09:26:47,365:WARNING:Coordonnées invalides : nan ('float' object has no attribute 'split')
2025-05-10 09:26:47,365:WARNING:Coordonnées invalides : nan ('float' object has no attribute 'split')
2025-05-10 09:26:47,366:WARNING:Coordonnées invalides : nan ('float' object has no attribute 'split')
2025-05-10 09:26:47,367:WARNING:Coordonnées invalides : nan ('float' object has no attribute 'split')
2025-05-10 09:26:47,369:WARNING:Coordonnées invalides : nan ('float' object has no attribute 'split')
2025-05-10 09:26:47,369:WARNING:Coordonnées invalides : nan ('float' object has no attribute 'split')
2025-05-10 09:26:47,369:WARNING:Coordonnées invalides : nan ('float' object has no attribute 'split')
2025-05-10 09:26:47,370:WARNING:Coordonnées invalides : nan ('float' object has no attribute 'split')
2025-05-10 09:26:47,370:WARNING:Coordonnées invalides : nan ('float' object has no attribute 'split')
2025-05-10 09:26:47,370:WARNING:Coordonnées invalides : nan ('float' object has no attribute 'split')
2025-05-10 09:26:47,370:WARNING:Coordonnées invalides : nan ('float' object has no attribute 'split')
2025-05-10 09:26:47,371:WARNING:Coordonnées invalides : nan ('float' object has no attribute 'split')
2025-05-10 09:26:47,371:WARNING:Coordonnées invalides : nan ('float' object has no attribute 'split')
2025-05-10 09:26:47,371:WARNING:Coordonnées invalides : nan ('float' object has no attribute 'split')
2025-05-10 09:26:47,371:WARNING:Coordonnées invalides : nan ('float' object has no attribute 'split')
2025-05-10 09:26:47,371:WARNING:Coordonnées invalides : nan ('float' object has no attribute 'split')
2025-05-10 09:26:47,372:WARNING:Coordonnées invalides : nan ('float' object has no attribute 'split')
2025-05-10 09:26:47,372:WARNING:Coordonnées invalides : nan ('float' object has no attribute 'split')
2025-05-10 09:26:47,372:WARNING:Coordonnées invalides : nan ('float' object has no attribute 'split')
2025-05-10 09:26:47,373:WARNING:Coordonnées invalides : nan ('float' object has no attribute 'split')
2025-05-10 09:26:47,373:WARNING:Coordonnées invalides : nan ('float' object has no attribute 'split')
2025-05-10 09:26:47,373:WARNING:Coordonnées invalides : nan ('float' object has no attribute 'split')
2025-05-10 09:26:47,373:WARNING:Coordonnées invalides : nan ('float' object has no attribute 'split')
2025-05-10 09:26:47,373:WARNING:Coordonnées invalides : nan ('float' object has no attribute 'split')
2025-05-10 09:26:47,373:WARNING:Coordonnées invalides : nan ('float' object has no attribute 'split')
2025-05-10 09:26:47,373:WARNING:Coordonnées invalides : nan ('float' object has no attribute 'split')
2025-05-10 09:26:47,373:WARNING:Coordonnées invalides : nan ('float' object has no attribute 'split')
2025-05-10 09:26:47,373:WARNING:Coordonnées invalides : nan ('float' object has no attribute 'split')
2025-05-10 09:26:47,373:WARNING:Coordonnées invalides : nan ('float' object has no attribute 'split')
2025-05-10 09:26:47,374:WARNING:Coordonnées invalides : nan ('float' object has no attribute 'split')
2025-05-10 09:26:47,374:WARNING:Coordonnées invalides : nan ('float' object has no attribute 'split')
2025-05-10 09:26:47,374:WARNING:Coordonnées invalides : nan ('float' object has no attribute 'split')
2025-05-10 09:26:47,374:WARNING:Coordonnées invalides : nan ('float' object has no attribute 'split')
2025-05-10 09:26:47,374:WARNING:Coordonnées invalides : nan ('float' object has no attribute 'split')
2025-05-10 09:26:47,374:WARNING:Coordonnées invalides : nan ('float' object has no attribute 'split')
2025-05-10 09:26:47,375:WARNING:Coordonnées invalides : nan ('float' object has no attribute 'split')
2025-05-10 09:26:47,375:WARNING:Coordonnées invalides : nan ('float' object has no attribute 'split')
2025-05-10 09:26:47,375:WARNING:Coordonnées invalides : nan ('float' object has no attribute 'split')
2025-05-10 09:26:47,375:WARNING:Coordonnées invalides : nan ('float' object has no attribute 'split')
2025-05-10 09:26:47,375:WARNING:Coordonnées invalides : nan ('float' object has no attribute 'split')
2025-05-10 09:26:47,376:WARNING:Coordonnées invalides : nan ('float' object has no attribute 'split')
2025-05-10 09:26:47,377:WARNING:Coordonnées invalides : nan ('float' object has no attribute 'split')
2025-05-10 09:26:47,377:WARNING:Coordonnées invalides : nan ('float' object has no attribute 'split')
2025-05-10 09:26:47,378:WARNING:Coordonnées invalides : nan ('float' object has no attribute 'split')
2025-05-10 09:26:47,378:WARNING:Coordonnées invalides : nan ('float' object has no attribute 'split')
2025-05-10 09:26:47,378:WARNING:Coordonnées invalides : nan ('float' object has no attribute 'split')
2025-05-10 09:26:47,378:WARNING:Coordonnées invalides : nan ('float' object has no attribute 'split')
2025-05-10 09:26:47,380:WARNING:Coordonnées invalides : nan ('float' object has no attribute 'split')
2025-05-10 09:26:47,380:WARNING:Coordonnées invalides : nan ('float' object has no attribute 'split')
2025-05-10 09:26:47,384:WARNING:Coordonnées invalides : nan ('float' object has no attribute 'split')
2025-05-10 09:26:47,384:WARNING:Coordonnées invalides : nan ('float' object has no attribute 'split')
2025-05-10 09:26:47,384:WARNING:Coordonnées invalides : nan ('float' object has no attribute 'split')
2025-05-10 09:26:47,384:WARNING:Coordonnées invalides : nan ('float' object has no attribute 'split')
2025-05-10 09:26:47,385:WARNING:Coordonnées invalides : nan ('float' object has no attribute 'split')
2025-05-10 09:26:47,385:WARNING:Coordonnées invalides : nan ('float' object has no attribute 'split')
2025-05-10 09:26:47,385:WARNING:Coordonnées invalides : nan ('float' object has no attribute 'split')
2025-05-10 09:26:47,386:WARNING:Coordonnées invalides : nan ('float' object has no attribute 'split')
2025-05-10 09:26:47,386:WARNING:Coordonnées invalides : nan ('float' object has no attribute 'split')
2025-05-10 09:26:47,386:WARNING:Coordonnées invalides : nan ('float' object has no attribute 'split')
2025-05-10 09:26:47,386:WARNING:Coordonnées invalides : nan ('float' object has no attribute 'split')
2025-05-10 09:26:47,387:WARNING:Coordonnées invalides : nan ('float' object has no attribute 'split')
2025-05-10 09:26:47,387:WARNING:Coordonnées invalides : nan ('float' object has no attribute 'split')
2025-05-10 09:26:47,387:WARNING:Coordonnées invalides : nan ('float' object has no attribute 'split')
2025-05-10 09:26:47,387:WARNING:Coordonnées invalides : nan ('float' object has no attribute 'split')
2025-05-10 09:26:47,388:WARNING:Coordonnées invalides : nan ('float' object has no attribute 'split')
2025-05-10 09:26:47,388:WARNING:Coordonnées invalides : nan ('float' object has no attribute 'split')
2025-05-10 09:26:47,388:WARNING:Coordonnées invalides : nan ('float' object has no attribute 'split')
2025-05-10 09:26:47,388:WARNING:Coordonnées invalides : nan ('float' object has no attribute 'split')
2025-05-10 09:26:47,389:WARNING:Coordonnées invalides : nan ('float' object has no attribute 'split')
2025-05-10 09:26:47,392:WARNING:Coordonnées invalides : nan ('float' object has no attribute 'split')
2025-05-10 09:26:47,393:WARNING:Coordonnées invalides : nan ('float' object has no attribute 'split')
2025-05-10 09:26:47,394:WARNING:Coordonnées invalides : nan ('float' object has no attribute 'split')
2025-05-10 09:26:47,394:WARNING:Coordonnées invalides : nan ('float' object has no attribute 'split')
2025-05-10 09:26:47,394:WARNING:Coordonnées invalides : nan ('float' object has no attribute 'split')
2025-05-10 09:26:47,395:WARNING:Coordonnées invalides : nan ('float' object has no attribute 'split')
2025-05-10 09:26:47,395:WARNING:Coordonnées invalides : nan ('float' object has no attribute 'split')
2025-05-10 09:26:47,396:WARNING:Coordonnées invalides : nan ('float' object has no attribute 'split')
2025-05-10 09:26:47,396:WARNING:Coordonnées invalides : nan ('float' object has no attribute 'split')
2025-05-10 09:26:47,397:WARNING:Coordonnées invalides : nan ('float' object has no attribute 'split')
2025-05-10 09:26:47,397:WARNING:Coordonnées invalides : nan ('float' object has no attribute 'split')
2025-05-10 09:26:47,397:WARNING:Coordonnées invalides : nan ('float' object has no attribute 'split')
2025-05-10 09:26:47,398:WARNING:Coordonnées invalides : nan ('float' object has no attribute 'split')
2025-05-10 09:26:47,398:WARNING:Coordonnées invalides : nan ('float' object has no attribute 'split')
2025-05-10 09:26:47,398:WARNING:Coordonnées invalides : nan ('float' object has no attribute 'split')
2025-05-10 09:26:47,398:WARNING:Coordonnées invalides : nan ('float' object has no attribute 'split')
2025-05-10 09:26:47,399:WARNING:Coordonnées invalides : nan ('float' object has no attribute 'split')
2025-05-10 09:26:47,400:WARNING:Coordonnées invalides : nan ('float' object has no attribute 'split')
2025-05-10 09:26:47,400:WARNING:Coordonnées invalides : nan ('float' object has no attribute 'split')
2025-05-10 09:26:47,400:WARNING:Coordonnées invalides : nan ('float' object has no attribute 'split')
2025-05-10 09:26:47,401:WARNING:Coordonnées invalides : nan ('float' object has no attribute 'split')
2025-05-10 09:26:47,404:WARNING:Coordonnées invalides : nan ('float' object has no attribute 'split')
2025-05-10 09:26:47,404:WARNING:Coordonnées invalides : nan ('float' object has no attribute 'split')
2025-05-10 09:26:47,404:WARNING:Coordonnées invalides : nan ('float' object has no attribute 'split')
2025-05-10 09:26:47,406:WARNING:Coordonnées invalides : nan ('float' object has no attribute 'split')
2025-05-10 09:26:47,406:WARNING:Coordonnées invalides : nan ('float' object has no attribute 'split')
2025-05-10 09:26:47,408:WARNING:Coordonnées invalides : nan ('float' object has no attribute 'split')
2025-05-10 09:26:47,408:WARNING:Coordonnées invalides : nan ('float' object has no attribute 'split')
2025-05-10 09:26:47,408:WARNING:Coordonnées invalides : nan ('float' object has no attribute 'split')
2025-05-10 09:26:47,408:WARNING:Coordonnées invalides : nan ('float' object has no attribute 'split')
2025-05-10 09:26:47,409:WARNING:Coordonnées invalides : nan ('float' object has no attribute 'split')
2025-05-10 09:26:47,409:WARNING:Coordonnées invalides : nan ('float' object has no attribute 'split')
2025-05-10 09:26:47,409:WARNING:Coordonnées invalides : nan ('float' object has no attribute 'split')
2025-05-10 09:26:47,409:WARNING:Coordonnées invalides : nan ('float' object has no attribute 'split')
2025-05-10 09:26:47,409:WARNING:Coordonnées invalides : nan ('float' object has no attribute 'split')
2025-05-10 09:26:47,412:WARNING:Coordonnées invalides : nan ('float' object has no attribute 'split')
2025-05-10 09:26:47,414:WARNING:Coordonnées invalides : nan ('float' object has no attribute 'split')
2025-05-10 09:26:47,415:WARNING:Coordonnées invalides : nan ('float' object has no attribute 'split')
2025-05-10 09:26:47,415:WARNING:Coordonnées invalides : nan ('float' object has no attribute 'split')
2025-05-10 09:26:47,421:WARNING:Coordonnées invalides : nan ('float' object has no attribute 'split')
2025-05-10 09:26:47,422:WARNING:Coordonnées invalides : nan ('float' object has no attribute 'split')
2025-05-10 09:26:47,422:WARNING:Coordonnées invalides : nan ('float' object has no attribute 'split')
2025-05-10 09:26:47,423:WARNING:Coordonnées invalides : nan ('float' object has no attribute 'split')
2025-05-10 09:26:47,423:WARNING:Coordonnées invalides : nan ('float' object has no attribute 'split')
2025-05-10 09:26:47,423:WARNING:Coordonnées invalides : nan ('float' object has no attribute 'split')
2025-05-10 09:26:47,423:WARNING:Coordonnées invalides : nan ('float' object has no attribute 'split')
2025-05-10 09:26:47,424:WARNING:Coordonnées invalides : nan ('float' object has no attribute 'split')
2025-05-10 09:26:47,425:WARNING:Coordonnées invalides : nan ('float' object has no attribute 'split')
2025-05-10 09:26:47,426:WARNING:Coordonnées invalides : nan ('float' object has no attribute 'split')
2025-05-10 09:26:47,427:WARNING:Coordonnées invalides : nan ('float' object has no attribute 'split')
2025-05-10 09:26:47,427:WARNING:Coordonnées invalides : nan ('float' object has no attribute 'split')
2025-05-10 09:26:47,427:WARNING:Coordonnées invalides : nan ('float' object has no attribute 'split')
2025-05-10 09:26:47,427:WARNING:Coordonnées invalides : nan ('float' object has no attribute 'split')
2025-05-10 09:26:47,429:WARNING:Coordonnées invalides : nan ('float' object has no attribute 'split')
2025-05-10 09:26:47,429:WARNING:Coordonnées invalides : nan ('float' object has no attribute 'split')
2025-05-10 09:26:47,429:WARNING:Coordonnées invalides : nan ('float' object has no attribute 'split')
2025-05-10 09:26:47,429:WARNING:Coordonnées invalides : nan ('float' object has no attribute 'split')
2025-05-10 09:26:47,429:WARNING:Coordonnées invalides : nan ('float' object has no attribute 'split')
2025-05-10 09:26:47,429:WARNING:Coordonnées invalides : nan ('float' object has no attribute 'split')
2025-05-10 09:26:47,430:WARNING:Coordonnées invalides : nan ('float' object has no attribute 'split')
2025-05-10 09:26:47,430:WARNING:Coordonnées invalides : nan ('float' object has no attribute 'split')
2025-05-10 09:26:47,430:WARNING:Coordonnées invalides : nan ('float' object has no attribute 'split')
2025-05-10 09:26:47,431:WARNING:Coordonnées invalides : nan ('float' object has no attribute 'split')
2025-05-10 09:26:47,432:WARNING:Coordonnées invalides : nan ('float' object has no attribute 'split')
2025-05-10 09:26:47,432:WARNING:Coordonnées invalides : nan ('float' object has no attribute 'split')
2025-05-10 09:26:47,432:WARNING:Coordonnées invalides : nan ('float' object has no attribute 'split')
2025-05-10 09:26:47,432:WARNING:Coordonnées invalides : nan ('float' object has no attribute 'split')
2025-05-10 09:26:47,433:WARNING:Coordonnées invalides : nan ('float' object has no attribute 'split')
2025-05-10 09:26:47,433:WARNING:Coordonnées invalides : nan ('float' object has no attribute 'split')
2025-05-10 09:26:47,433:WARNING:Coordonnées invalides : nan ('float' object has no attribute 'split')
2025-05-10 09:26:47,434:WARNING:Coordonnées invalides : nan ('float' object has no attribute 'split')
2025-05-10 09:26:47,434:WARNING:Coordonnées invalides : nan ('float' object has no attribute 'split')
2025-05-10 09:26:47,435:WARNING:Coordonnées invalides : nan ('float' object has no attribute 'split')
2025-05-10 09:26:47,435:WARNING:Coordonnées invalides : nan ('float' object has no attribute 'split')
2025-05-10 09:26:47,439:WARNING:Coordonnées invalides : nan ('float' object has no attribute 'split')
2025-05-10 09:26:47,439:WARNING:Coordonnées invalides : nan ('float' object has no attribute 'split')
2025-05-10 09:26:47,440:WARNING:Coordonnées invalides : nan ('float' object has no attribute 'split')
2025-05-10 09:26:47,440:WARNING:Coordonnées invalides : nan ('float' object has no attribute 'split')
2025-05-10 09:26:47,440:WARNING:Coordonnées invalides : nan ('float' object has no attribute 'split')
2025-05-10 09:26:47,441:WARNING:Coordonnées invalides : nan ('float' object has no attribute 'split')
2025-05-10 09:26:47,441:WARNING:Coordonnées invalides : nan ('float' object has no attribute 'split')
2025-05-10 09:26:47,442:WARNING:Coordonnées invalides : nan ('float' object has no attribute 'split')
2025-05-10 09:26:47,442:WARNING:Coordonnées invalides : nan ('float' object has no attribute 'split')
2025-05-10 09:26:47,442:WARNING:Coordonnées invalides : nan ('float' object has no attribute 'split')
2025-05-10 09:26:47,443:WARNING:Coordonnées invalides : nan ('float' object has no attribute 'split')
2025-05-10 09:26:47,443:WARNING:Coordonnées invalides : nan ('float' object has no attribute 'split')
2025-05-10 09:26:47,443:WARNING:Coordonnées invalides : nan ('float' object has no attribute 'split')
2025-05-10 09:26:47,444:WARNING:Coordonnées invalides : nan ('float' object has no attribute 'split')
2025-05-10 09:26:47,444:WARNING:Coordonnées invalides : nan ('float' object has no attribute 'split')
2025-05-10 09:26:47,444:WARNING:Coordonnées invalides : nan ('float' object has no attribute 'split')
2025-05-10 09:26:47,445:WARNING:Coordonnées invalides : nan ('float' object has no attribute 'split')
2025-05-10 09:26:47,446:WARNING:Coordonnées invalides : nan ('float' object has no attribute 'split')
2025-05-10 09:26:47,447:WARNING:Coordonnées invalides : nan ('float' object has no attribute 'split')
2025-05-10 09:26:47,448:WARNING:Coordonnées invalides : nan ('float' object has no attribute 'split')
2025-05-10 09:26:47,448:WARNING:Coordonnées invalides : nan ('float' object has no attribute 'split')
2025-05-10 09:26:47,448:WARNING:Coordonnées invalides : nan ('float' object has no attribute 'split')
2025-05-10 09:26:47,448:WARNING:Coordonnées invalides : nan ('float' object has no attribute 'split')
2025-05-10 09:26:47,449:WARNING:Coordonnées invalides : nan ('float' object has no attribute 'split')
2025-05-10 09:26:47,449:WARNING:Coordonnées invalides : nan ('float' object has no attribute 'split')
2025-05-10 09:26:47,450:WARNING:Coordonnées invalides : nan ('float' object has no attribute 'split')
2025-05-10 09:26:47,450:WARNING:Coordonnées invalides : nan ('float' object has no attribute 'split')
2025-05-10 09:26:47,450:WARNING:Coordonnées invalides : nan ('float' object has no attribute 'split')
2025-05-10 09:26:47,450:WARNING:Coordonnées invalides : nan ('float' object has no attribute 'split')
2025-05-10 09:26:47,450:WARNING:Coordonnées invalides : nan ('float' object has no attribute 'split')
2025-05-10 09:26:47,451:WARNING:Coordonnées invalides : nan ('float' object has no attribute 'split')
2025-05-10 09:26:47,452:WARNING:Coordonnées invalides : nan ('float' object has no attribute 'split')
2025-05-10 09:26:47,452:WARNING:Coordonnées invalides : nan ('float' object has no attribute 'split')
2025-05-10 09:26:47,452:WARNING:Coordonnées invalides : nan ('float' object has no attribute 'split')
2025-05-10 09:26:47,452:WARNING:Coordonnées invalides : nan ('float' object has no attribute 'split')
2025-05-10 09:26:47,453:WARNING:Coordonnées invalides : nan ('float' object has no attribute 'split')
2025-05-10 09:26:47,453:WARNING:Coordonnées invalides : nan ('float' object has no attribute 'split')
2025-05-10 09:26:47,454:WARNING:Coordonnées invalides : nan ('float' object has no attribute 'split')
2025-05-10 09:26:47,455:WARNING:Coordonnées invalides : nan ('float' object has no attribute 'split')
2025-05-10 09:26:47,455:WARNING:Coordonnées invalides : nan ('float' object has no attribute 'split')
2025-05-10 09:26:47,456:WARNING:Coordonnées invalides : nan ('float' object has no attribute 'split')
2025-05-10 09:26:47,456:WARNING:Coordonnées invalides : nan ('float' object has no attribute 'split')
2025-05-10 09:26:47,456:WARNING:Coordonnées invalides : nan ('float' object has no attribute 'split')
2025-05-10 09:26:47,457:WARNING:Coordonnées invalides : nan ('float' object has no attribute 'split')
2025-05-10 09:26:47,457:WARNING:Coordonnées invalides : nan ('float' object has no attribute 'split')
2025-05-10 09:26:47,459:WARNING:Coordonnées invalides : nan ('float' object has no attribute 'split')
2025-05-10 09:26:47,460:WARNING:Coordonnées invalides : nan ('float' object has no attribute 'split')
2025-05-10 09:26:47,460:WARNING:Coordonnées invalides : nan ('float' object has no attribute 'split')
2025-05-10 09:26:47,460:WARNING:Coordonnées invalides : nan ('float' object has no attribute 'split')
2025-05-10 09:26:47,461:WARNING:Coordonnées invalides : nan ('float' object has no attribute 'split')
2025-05-10 09:26:47,461:WARNING:Coordonnées invalides : nan ('float' object has no attribute 'split')
2025-05-10 09:26:47,461:WARNING:Coordonnées invalides : nan ('float' object has no attribute 'split')
2025-05-10 09:26:47,463:WARNING:Coordonnées invalides : nan ('float' object has no attribute 'split')
2025-05-10 09:26:47,464:WARNING:Coordonnées invalides : nan ('float' object has no attribute 'split')
2025-05-10 09:26:47,465:WARNING:Coordonnées invalides : nan ('float' object has no attribute 'split')
2025-05-10 09:26:47,466:WARNING:Coordonnées invalides : nan ('float' object has no attribute 'split')
2025-05-10 09:26:47,466:WARNING:Coordonnées invalides : nan ('float' object has no attribute 'split')
2025-05-10 09:26:47,468:WARNING:Coordonnées invalides : nan ('float' object has no attribute 'split')
2025-05-10 09:26:47,469:WARNING:Coordonnées invalides : nan ('float' object has no attribute 'split')
2025-05-10 09:26:47,469:WARNING:Coordonnées invalides : nan ('float' object has no attribute 'split')
2025-05-10 09:26:47,471:WARNING:Coordonnées invalides : nan ('float' object has no attribute 'split')
2025-05-10 09:26:47,473:WARNING:Coordonnées invalides : nan ('float' object has no attribute 'split')
2025-05-10 09:26:47,473:WARNING:Coordonnées invalides : nan ('float' object has no attribute 'split')
2025-05-10 09:26:47,474:WARNING:Coordonnées invalides : nan ('float' object has no attribute 'split')
2025-05-10 09:26:47,475:WARNING:Coordonnées invalides : nan ('float' object has no attribute 'split')
2025-05-10 09:26:47,475:WARNING:Coordonnées invalides : nan ('float' object has no attribute 'split')
2025-05-10 09:26:47,476:WARNING:Coordonnées invalides : nan ('float' object has no attribute 'split')
2025-05-10 09:26:47,476:WARNING:Coordonnées invalides : nan ('float' object has no attribute 'split')
2025-05-10 09:26:47,476:WARNING:Coordonnées invalides : nan ('float' object has no attribute 'split')
2025-05-10 09:26:47,477:WARNING:Coordonnées invalides : nan ('float' object has no attribute 'split')
2025-05-10 09:26:47,477:WARNING:Coordonnées invalides : nan ('float' object has no attribute 'split')
2025-05-10 09:26:47,478:WARNING:Coordonnées invalides : nan ('float' object has no attribute 'split')
2025-05-10 09:26:47,478:WARNING:Coordonnées invalides : nan ('float' object has no attribute 'split')
2025-05-10 09:26:47,478:WARNING:Coordonnées invalides : nan ('float' object has no attribute 'split')
2025-05-10 09:26:47,478:WARNING:Coordonnées invalides : nan ('float' object has no attribute 'split')
2025-05-10 09:26:47,479:WARNING:Coordonnées invalides : nan ('float' object has no attribute 'split')
2025-05-10 09:26:47,479:WARNING:Coordonnées invalides : nan ('float' object has no attribute 'split')
2025-05-10 09:26:47,480:WARNING:Coordonnées invalides : nan ('float' object has no attribute 'split')
2025-05-10 09:26:47,481:WARNING:Coordonnées invalides : nan ('float' object has no attribute 'split')
2025-05-10 09:26:47,481:WARNING:Coordonnées invalides : nan ('float' object has no attribute 'split')
2025-05-10 09:26:47,483:WARNING:Coordonnées invalides : nan ('float' object has no attribute 'split')
2025-05-10 09:26:47,483:WARNING:Coordonnées invalides : nan ('float' object has no attribute 'split')
2025-05-10 09:26:47,483:WARNING:Coordonnées invalides : nan ('float' object has no attribute 'split')
2025-05-10 09:26:47,484:WARNING:Coordonnées invalides : nan ('float' object has no attribute 'split')
2025-05-10 09:26:47,486:WARNING:Coordonnées invalides : nan ('float' object has no attribute 'split')
2025-05-10 09:26:47,487:WARNING:Coordonnées invalides : nan ('float' object has no attribute 'split')
2025-05-10 09:26:47,487:WARNING:Coordonnées invalides : nan ('float' object has no attribute 'split')
2025-05-10 09:26:47,490:WARNING:Coordonnées invalides : nan ('float' object has no attribute 'split')
2025-05-10 09:26:47,490:WARNING:Coordonnées invalides : nan ('float' object has no attribute 'split')
2025-05-10 09:26:47,491:WARNING:Coordonnées invalides : nan ('float' object has no attribute 'split')
2025-05-10 09:26:47,493:WARNING:Coordonnées invalides : nan ('float' object has no attribute 'split')
2025-05-10 09:26:47,494:WARNING:Coordonnées invalides : nan ('float' object has no attribute 'split')
2025-05-10 09:26:47,494:WARNING:Coordonnées invalides : nan ('float' object has no attribute 'split')
2025-05-10 09:26:47,494:WARNING:Coordonnées invalides : nan ('float' object has no attribute 'split')
2025-05-10 09:26:47,494:WARNING:Coordonnées invalides : nan ('float' object has no attribute 'split')
2025-05-10 09:26:47,495:WARNING:Coordonnées invalides : nan ('float' object has no attribute 'split')
2025-05-10 09:26:47,496:WARNING:Coordonnées invalides : nan ('float' object has no attribute 'split')
2025-05-10 09:26:47,497:WARNING:Coordonnées invalides : nan ('float' object has no attribute 'split')
2025-05-10 09:26:47,497:WARNING:Coordonnées invalides : nan ('float' object has no attribute 'split')
2025-05-10 09:26:47,498:WARNING:Coordonnées invalides : nan ('float' object has no attribute 'split')
2025-05-10 09:26:47,498:WARNING:Coordonnées invalides : nan ('float' object has no attribute 'split')
2025-05-10 09:26:47,498:WARNING:Coordonnées invalides : nan ('float' object has no attribute 'split')
2025-05-10 09:26:47,499:WARNING:Coordonnées invalides : nan ('float' object has no attribute 'split')
2025-05-10 09:26:47,499:WARNING:Coordonnées invalides : nan ('float' object has no attribute 'split')
2025-05-10 09:26:47,503:WARNING:Coordonnées invalides : nan ('float' object has no attribute 'split')
2025-05-10 09:26:47,527:WARNING:Coordonnées invalides : nan ('float' object has no attribute 'split')
2025-05-10 09:26:47,529:WARNING:Coordonnées invalides : nan ('float' object has no attribute 'split')
2025-05-10 09:26:47,529:WARNING:Coordonnées invalides : nan ('float' object has no attribute 'split')
2025-05-10 09:26:47,530:WARNING:Coordonnées invalides : nan ('float' object has no attribute 'split')
2025-05-10 09:26:47,531:WARNING:Coordonnées invalides : nan ('float' object has no attribute 'split')
2025-05-10 09:26:47,533:WARNING:Coordonnées invalides : nan ('float' object has no attribute 'split')
2025-05-10 09:26:47,533:WARNING:Coordonnées invalides : nan ('float' object has no attribute 'split')
2025-05-10 09:26:47,533:WARNING:Coordonnées invalides : nan ('float' object has no attribute 'split')
2025-05-10 09:26:47,533:WARNING:Coordonnées invalides : nan ('float' object has no attribute 'split')
2025-05-10 09:26:47,534:WARNING:Coordonnées invalides : nan ('float' object has no attribute 'split')
2025-05-10 09:26:47,535:WARNING:Coordonnées invalides : nan ('float' object has no attribute 'split')
2025-05-10 09:26:47,535:WARNING:Coordonnées invalides : nan ('float' object has no attribute 'split')
2025-05-10 09:26:47,535:WARNING:Coordonnées invalides : nan ('float' object has no attribute 'split')
2025-05-10 09:26:47,535:WARNING:Coordonnées invalides : nan ('float' object has no attribute 'split')
2025-05-10 09:26:47,535:WARNING:Coordonnées invalides : nan ('float' object has no attribute 'split')
2025-05-10 09:26:47,536:WARNING:Coordonnées invalides : nan ('float' object has no attribute 'split')
2025-05-10 09:26:47,536:WARNING:Coordonnées invalides : nan ('float' object has no attribute 'split')
2025-05-10 09:26:47,536:WARNING:Coordonnées invalides : nan ('float' object has no attribute 'split')
2025-05-10 09:26:47,537:WARNING:Coordonnées invalides : nan ('float' object has no attribute 'split')
2025-05-10 09:26:47,537:WARNING:Coordonnées invalides : nan ('float' object has no attribute 'split')
2025-05-10 09:26:47,538:WARNING:Coordonnées invalides : nan ('float' object has no attribute 'split')
2025-05-10 09:26:47,539:WARNING:Coordonnées invalides : nan ('float' object has no attribute 'split')
2025-05-10 09:26:47,539:WARNING:Coordonnées invalides : nan ('float' object has no attribute 'split')
2025-05-10 09:26:47,539:WARNING:Coordonnées invalides : nan ('float' object has no attribute 'split')
2025-05-10 09:26:47,540:WARNING:Coordonnées invalides : nan ('float' object has no attribute 'split')
2025-05-10 09:26:47,540:WARNING:Coordonnées invalides : nan ('float' object has no attribute 'split')
2025-05-10 09:26:47,540:WARNING:Coordonnées invalides : nan ('float' object has no attribute 'split')
2025-05-10 09:26:47,543:WARNING:Coordonnées invalides : nan ('float' object has no attribute 'split')
2025-05-10 09:26:47,544:WARNING:Coordonnées invalides : nan ('float' object has no attribute 'split')
2025-05-10 09:26:47,544:WARNING:Coordonnées invalides : nan ('float' object has no attribute 'split')
2025-05-10 09:26:47,544:WARNING:Coordonnées invalides : nan ('float' object has no attribute 'split')
2025-05-10 09:26:47,544:WARNING:Coordonnées invalides : nan ('float' object has no attribute 'split')
2025-05-10 09:26:47,545:WARNING:Coordonnées invalides : nan ('float' object has no attribute 'split')
2025-05-10 09:26:47,545:WARNING:Coordonnées invalides : nan ('float' object has no attribute 'split')
2025-05-10 09:26:47,545:WARNING:Coordonnées invalides : nan ('float' object has no attribute 'split')
2025-05-10 09:26:47,545:WARNING:Coordonnées invalides : nan ('float' object has no attribute 'split')
2025-05-10 09:26:47,546:WARNING:Coordonnées invalides : nan ('float' object has no attribute 'split')
2025-05-10 09:26:47,547:WARNING:Coordonnées invalides : nan ('float' object has no attribute 'split')
2025-05-10 09:26:47,547:WARNING:Coordonnées invalides : nan ('float' object has no attribute 'split')
2025-05-10 09:26:47,547:WARNING:Coordonnées invalides : nan ('float' object has no attribute 'split')
2025-05-10 09:26:47,547:WARNING:Coordonnées invalides : nan ('float' object has no attribute 'split')
2025-05-10 09:26:47,548:WARNING:Coordonnées invalides : nan ('float' object has no attribute 'split')
2025-05-10 09:26:47,548:WARNING:Coordonnées invalides : nan ('float' object has no attribute 'split')
2025-05-10 09:26:47,549:WARNING:Coordonnées invalides : nan ('float' object has no attribute 'split')
2025-05-10 09:26:47,550:WARNING:Coordonnées invalides : nan ('float' object has no attribute 'split')
2025-05-10 09:26:47,551:WARNING:Coordonnées invalides : nan ('float' object has no attribute 'split')
2025-05-10 09:26:47,551:WARNING:Coordonnées invalides : nan ('float' object has no attribute 'split')
2025-05-10 09:26:47,551:WARNING:Coordonnées invalides : nan ('float' object has no attribute 'split')
2025-05-10 09:26:47,552:WARNING:Coordonnées invalides : nan ('float' object has no attribute 'split')
2025-05-10 09:26:47,552:WARNING:Coordonnées invalides : nan ('float' object has no attribute 'split')
2025-05-10 09:26:47,552:WARNING:Coordonnées invalides : nan ('float' object has no attribute 'split')
2025-05-10 09:26:47,552:WARNING:Coordonnées invalides : nan ('float' object has no attribute 'split')
2025-05-10 09:26:47,552:WARNING:Coordonnées invalides : nan ('float' object has no attribute 'split')
2025-05-10 09:26:47,553:WARNING:Coordonnées invalides : nan ('float' object has no attribute 'split')
2025-05-10 09:26:47,553:WARNING:Coordonnées invalides : nan ('float' object has no attribute 'split')
2025-05-10 09:26:47,553:WARNING:Coordonnées invalides : nan ('float' object has no attribute 'split')
2025-05-10 09:26:47,553:WARNING:Coordonnées invalides : nan ('float' object has no attribute 'split')
2025-05-10 09:26:47,553:WARNING:Coordonnées invalides : nan ('float' object has no attribute 'split')
2025-05-10 09:26:47,553:WARNING:Coordonnées invalides : nan ('float' object has no attribute 'split')
2025-05-10 09:26:47,554:WARNING:Coordonnées invalides : nan ('float' object has no attribute 'split')
2025-05-10 09:26:47,554:WARNING:Coordonnées invalides : nan ('float' object has no attribute 'split')
2025-05-10 09:26:47,555:WARNING:Coordonnées invalides : nan ('float' object has no attribute 'split')
2025-05-10 09:26:47,555:WARNING:Coordonnées invalides : nan ('float' object has no attribute 'split')
2025-05-10 09:26:47,555:WARNING:Coordonnées invalides : nan ('float' object has no attribute 'split')
2025-05-10 09:26:47,555:WARNING:Coordonnées invalides : nan ('float' object has no attribute 'split')
2025-05-10 09:26:47,556:WARNING:Coordonnées invalides : nan ('float' object has no attribute 'split')
2025-05-10 09:26:47,556:WARNING:Coordonnées invalides : nan ('float' object has no attribute 'split')
2025-05-10 09:26:47,556:WARNING:Coordonnées invalides : nan ('float' object has no attribute 'split')
2025-05-10 09:26:47,556:WARNING:Coordonnées invalides : nan ('float' object has no attribute 'split')
2025-05-10 09:26:47,556:WARNING:Coordonnées invalides : nan ('float' object has no attribute 'split')
2025-05-10 09:26:47,556:WARNING:Coordonnées invalides : nan ('float' object has no attribute 'split')
2025-05-10 09:26:47,556:WARNING:Coordonnées invalides : nan ('float' object has no attribute 'split')
2025-05-10 09:26:47,557:WARNING:Coordonnées invalides : nan ('float' object has no attribute 'split')
2025-05-10 09:26:47,557:WARNING:Coordonnées invalides : nan ('float' object has no attribute 'split')
2025-05-10 09:26:47,558:WARNING:Coordonnées invalides : nan ('float' object has no attribute 'split')
2025-05-10 09:26:47,558:WARNING:Coordonnées invalides : nan ('float' object has no attribute 'split')
2025-05-10 09:26:47,558:WARNING:Coordonnées invalides : nan ('float' object has no attribute 'split')
2025-05-10 09:26:47,558:WARNING:Coordonnées invalides : nan ('float' object has no attribute 'split')
2025-05-10 09:26:47,558:WARNING:Coordonnées invalides : nan ('float' object has no attribute 'split')
2025-05-10 09:26:47,674:WARNING:920 coordonnées GPS manquantes ou invalides détectées
2025-05-10 09:26:47,674:INFO:Ingestion automates: 5019 lignes après nettoyage
2025-05-10 09:26:47,729:INFO:Fichier sauvegardé: data/processed/automates_clean.csv
2025-05-10 09:26:47,729:INFO:✅ Ingestion terminée avec succès
